#
# There is insufficient memory for the Java Runtime Environment to continue.
# Native memory allocation (malloc) failed to allocate 253280 bytes. Error detail: Chunk::new
# Possible reasons:
#   The system is out of physical RAM or swap space
#   This process is running with CompressedOops enabled, and the Java Heap may be blocking the growth of the native heap
# Possible solutions:
#   Reduce memory load on the system
#   Increase physical memory or swap space
#   Check if swap backing store is full
#   Decrease Java heap size (-Xmx/-Xms)
#   Decrease number of Java threads
#   Decrease Java thread stack sizes (-Xss)
#   Set larger code cache with -XX:ReservedCodeCacheSize=
#   JVM is running with Unscaled Compressed Oops mode in which the Java heap is
#     placed in the first 4GB address space. The Java Heap base address is the
#     maximum limit for the native heap growth. Please use -XX:HeapBaseMinAddress
#     to set the Java Heap base and to place the Java Heap above 4GB virtual address.
# This output file may be truncated or incomplete.
#
#  Out of Memory Error (arena.cpp:168), pid=3796, tid=15776
#
# JRE version: OpenJDK Runtime Environment Temurin-21.0.8+9 (21.0.8+9) (build 21.0.8+9-LTS)
# Java VM: OpenJDK 64-Bit Server VM Temurin-21.0.8+9 (21.0.8+9-LTS, mixed mode, sharing, tiered, compressed oops, compressed class ptrs, parallel gc, windows-amd64)
# No core dump will be written. Minidumps are not enabled by default on client versions of Windows
#

---------------  S U M M A R Y ------------

Command Line: --add-modules=ALL-SYSTEM --add-opens=java.base/java.util=ALL-UNNAMED --add-opens=java.base/java.lang=ALL-UNNAMED --add-opens=java.base/sun.nio.fs=ALL-UNNAMED -Declipse.application=org.eclipse.jdt.ls.core.id1 -Dosgi.bundles.defaultStartLevel=4 -Declipse.product=org.eclipse.jdt.ls.core.product -Djava.import.generatesMetadataFilesAtProjectRoot=false -DDetectVMInstallationsJob.disabled=true -Dfile.encoding=utf8 -XX:+UseParallelGC -XX:GCTimeRatio=4 -XX:AdaptiveSizePolicyWeight=90 -Dsun.zip.disableMemoryMapping=true -Xmx2G -Xms100m -Xlog:disable -javaagent:c:\Users\Johan\.vscode\extensions\redhat.java-1.47.0-win32-x64\lombok\lombok-1.18.39-4050.jar -XX:+HeapDumpOnOutOfMemoryError -XX:HeapDumpPath=c:\Users\Johan\AppData\Roaming\Code\User\workspaceStorage\824e8af3fc6f9d32fa1fbbc3f1f53090\redhat.java -Daether.dependencyCollector.impl=bf c:\Users\Johan\.vscode\extensions\redhat.java-1.47.0-win32-x64\server\plugins\org.eclipse.equinox.launcher_1.7.100.v20251014-1222.jar -configuration c:\Users\Johan\AppData\Roaming\Code\User\globalStorage\redhat.java\1.47.0\config_win -data c:\Users\Johan\AppData\Roaming\Code\User\workspaceStorage\824e8af3fc6f9d32fa1fbbc3f1f53090\redhat.java\jdt_ws --pipe=\\.\pipe\lsp-539c14c4a6e77fd1eaa894351f82e48a-sock

Host: AMD Ryzen 3 4300U with Radeon Graphics         , 4 cores, 3G,  Windows 11 , 64 bit Build 22621 (10.0.22621.5415)
Time: Mon Nov  3 15:09:01 2025 Västeuropa, normaltid elapsed time: 15.138220 seconds (0d 0h 0m 15s)

---------------  T H R E A D  ---------------

Current thread (0x0000021737779a00):  JavaThread "C2 CompilerThread0" daemon [_thread_in_native, id=15776, stack(0x0000004e68000000,0x0000004e68100000) (1024K)]


Current CompileTask:
C2:15138 3342   !   4       java.io.BufferedInputStream::read (69 bytes)

Stack: [0x0000004e68000000,0x0000004e68100000]
Native frames: (J=compiled Java code, j=interpreted, Vv=VM code, C=native code)
V  [jvm.dll+0x6d2449]
V  [jvm.dll+0x8ae341]
V  [jvm.dll+0x8b08be]
V  [jvm.dll+0x8b0fa3]
V  [jvm.dll+0x280c96]
V  [jvm.dll+0xc581d]
V  [jvm.dll+0xc5d53]
V  [jvm.dll+0x3b919c]
V  [jvm.dll+0x385315]
V  [jvm.dll+0x38477a]
V  [jvm.dll+0x248ed0]
V  [jvm.dll+0x2484af]
V  [jvm.dll+0x1c89ee]
V  [jvm.dll+0x257d4d]
V  [jvm.dll+0x2562ea]
V  [jvm.dll+0x3f2d16]
V  [jvm.dll+0x857e6b]
V  [jvm.dll+0x6d0b0d]
C  [ucrtbase.dll+0x29333]
C  [KERNEL32.DLL+0x1259d]
C  [ntdll.dll+0x5af78]


---------------  P R O C E S S  ---------------

Threads class SMR info:
_java_thread_list=0x000002177ef6f500, length=17, elements={
0x0000021720d92aa0, 0x000002173776c880, 0x000002173776e180, 0x00000217377728b0,
0x00000217377737c0, 0x0000021737775580, 0x00000217377761d0, 0x0000021737779a00,
0x00000217377d8590, 0x00000217794673b0, 0x00000217796b2ad0, 0x000002177e5a1e20,
0x000002177e4b1c20, 0x000002177e43d620, 0x000002177ebe5330, 0x000002177ebe66e0,
0x000002177ebe6050
}

Java Threads: ( => current thread )
  0x0000021720d92aa0 JavaThread "main"                              [_thread_blocked, id=19824, stack(0x0000004e67600000,0x0000004e67700000) (1024K)]
  0x000002173776c880 JavaThread "Reference Handler"          daemon [_thread_blocked, id=2460, stack(0x0000004e67a00000,0x0000004e67b00000) (1024K)]
  0x000002173776e180 JavaThread "Finalizer"                  daemon [_thread_blocked, id=9164, stack(0x0000004e67b00000,0x0000004e67c00000) (1024K)]
  0x00000217377728b0 JavaThread "Signal Dispatcher"          daemon [_thread_blocked, id=17928, stack(0x0000004e67c00000,0x0000004e67d00000) (1024K)]
  0x00000217377737c0 JavaThread "Attach Listener"            daemon [_thread_blocked, id=17780, stack(0x0000004e67d00000,0x0000004e67e00000) (1024K)]
  0x0000021737775580 JavaThread "Service Thread"             daemon [_thread_blocked, id=6112, stack(0x0000004e67e00000,0x0000004e67f00000) (1024K)]
  0x00000217377761d0 JavaThread "Monitor Deflation Thread"   daemon [_thread_blocked, id=17236, stack(0x0000004e67f00000,0x0000004e68000000) (1024K)]
=>0x0000021737779a00 JavaThread "C2 CompilerThread0"         daemon [_thread_in_native, id=15776, stack(0x0000004e68000000,0x0000004e68100000) (1024K)]
  0x00000217377d8590 JavaThread "C1 CompilerThread0"         daemon [_thread_in_native, id=16648, stack(0x0000004e68100000,0x0000004e68200000) (1024K)]
  0x00000217794673b0 JavaThread "Common-Cleaner"             daemon [_thread_blocked, id=20408, stack(0x0000004e68200000,0x0000004e68300000) (1024K)]
  0x00000217796b2ad0 JavaThread "Notification Thread"        daemon [_thread_blocked, id=20928, stack(0x0000004e68300000,0x0000004e68400000) (1024K)]
  0x000002177e5a1e20 JavaThread "Active Thread: Equinox Container: e0b2c59f-45ba-497a-a02f-5bf60b9ced94"        [_thread_blocked, id=18176, stack(0x0000004e68b00000,0x0000004e68c00000) (1024K)]
  0x000002177e4b1c20 JavaThread "Framework Event Dispatcher: Equinox Container: e0b2c59f-45ba-497a-a02f-5bf60b9ced94" daemon [_thread_blocked, id=6996, stack(0x0000004e68c00000,0x0000004e68d00000) (1024K)]
  0x000002177e43d620 JavaThread "Start Level: Equinox Container: e0b2c59f-45ba-497a-a02f-5bf60b9ced94" daemon [_thread_in_native, id=6344, stack(0x0000004e68d00000,0x0000004e68e00000) (1024K)]
  0x000002177ebe5330 JavaThread "Refresh Thread: Equinox Container: e0b2c59f-45ba-497a-a02f-5bf60b9ced94" daemon [_thread_blocked, id=3988, stack(0x0000004e68e00000,0x0000004e68f00000) (1024K)]
  0x000002177ebe66e0 JavaThread "Bundle File Closer"         daemon [_thread_blocked, id=1276, stack(0x0000004e68f00000,0x0000004e69000000) (1024K)]
  0x000002177ebe6050 JavaThread "SCR Component Actor"        daemon [_thread_blocked, id=14044, stack(0x0000004e68700000,0x0000004e68800000) (1024K)]
Total: 17

Other Threads:
  0x0000021720e4eb80 VMThread "VM Thread"                           [id=17232, stack(0x0000004e67900000,0x0000004e67a00000) (1024K)]
  0x0000021720dfe040 WatcherThread "VM Periodic Task Thread"        [id=2288, stack(0x0000004e67800000,0x0000004e67900000) (1024K)]
  0x0000021720db13e0 WorkerThread "GC Thread#0"                     [id=3908, stack(0x0000004e67700000,0x0000004e67800000) (1024K)]
  0x0000021779786b60 WorkerThread "GC Thread#1"                     [id=20328, stack(0x0000004e68400000,0x0000004e68500000) (1024K)]
  0x000002177971e5f0 WorkerThread "GC Thread#2"                     [id=4388, stack(0x0000004e68500000,0x0000004e68600000) (1024K)]
  0x000002177e5481f0 WorkerThread "GC Thread#3"                     [id=388, stack(0x0000004e68600000,0x0000004e68700000) (1024K)]
Total: 6

Threads with active compile tasks:
C2 CompilerThread0  15164 3342   !   4       java.io.BufferedInputStream::read (69 bytes)
C1 CompilerThread0  15164 3365   !   3       com.sun.org.apache.xerces.internal.parsers.AbstractSAXParser::setFeature (586 bytes)
Total: 2

VM state: not at safepoint (normal execution)

VM Mutex/Monitor currently owned by a thread: None

OutOfMemory and StackOverflow Exception counts:
OutOfMemoryError java_heap_errors=1
LinkageErrors=33

Heap address: 0x0000000080000000, size: 2048 MB, Compressed Oops mode: 32-bit

CDS archive(s) mapped at: [0x0000021738000000-0x0000021738ba0000-0x0000021738ba0000), size 12189696, SharedBaseAddress: 0x0000021738000000, ArchiveRelocationMode: 1.
Compressed class space mapped at: 0x0000021739000000-0x0000021779000000, reserved size: 1073741824
Narrow klass base: 0x0000021738000000, Narrow klass shift: 0, Narrow klass range: 0x100000000

GC Precious Log:
 CardTable entry size: 512
 CPUs: 4 total, 4 available
 Memory: 3454M
 Large Page Support: Disabled
 NUMA Support: Disabled
 Compressed Oops: Enabled (32-bit)
 Alignments: Space 512K, Generation 512K, Heap 2M
 Heap Min Capacity: 100M
 Heap Initial Capacity: 100M
 Heap Max Capacity: 2G
 Pre-touch: Disabled
 Parallel Workers: 4

Heap:
 PSYoungGen      total 29184K, used 14463K [0x00000000d5580000, 0x00000000d7a00000, 0x0000000100000000)
  eden space 25088K, 41% used [0x00000000d5580000,0x00000000d5fa5048,0x00000000d6e00000)
  from space 4096K, 99% used [0x00000000d6e80000,0x00000000d727abd0,0x00000000d7280000)
  to   space 6144K, 0% used [0x00000000d7400000,0x00000000d7400000,0x00000000d7a00000)
 ParOldGen       total 68608K, used 8101K [0x0000000080000000, 0x0000000084300000, 0x00000000d5580000)
  object space 68608K, 11% used [0x0000000080000000,0x00000000807e94a8,0x0000000084300000)
 Metaspace       used 13254K, committed 13696K, reserved 1114112K
  class space    used 1358K, committed 1536K, reserved 1048576K

Card table byte_map: [0x0000021720730000,0x0000021720b40000] _byte_map_base: 0x0000021720330000

Marking Bits: (ParMarkBitMap*) 0x00007ffe1303a340
 Begin Bits: [0x0000021733230000, 0x0000021735230000)
 End Bits:   [0x0000021735230000, 0x0000021737230000)

Polling page: 0x000002171ed70000

Metaspace:

Usage:
  Non-class:     11.62 MB used.
      Class:      1.33 MB used.
       Both:     12.94 MB used.

Virtual space:
  Non-class space:       64.00 MB reserved,      11.88 MB ( 19%) committed,  1 nodes.
      Class space:        1.00 GB reserved,       1.50 MB ( <1%) committed,  1 nodes.
             Both:        1.06 GB reserved,      13.38 MB (  1%) committed. 

Chunk freelists:
   Non-Class:  3.86 MB
       Class:  14.55 MB
        Both:  18.41 MB

MaxMetaspaceSize: unlimited
CompressedClassSpaceSize: 1.00 GB
Initial GC threshold: 21.00 MB
Current GC threshold: 21.00 MB
CDS: on
 - commit_granule_bytes: 65536.
 - commit_granule_words: 8192.
 - virtual_space_node_default_size: 8388608.
 - enlarge_chunks_in_place: 1.
 - use_allocation_guard: 0.


Internal statistics:

num_allocs_failed_limit: 0.
num_arena_births: 284.
num_arena_deaths: 0.
num_vsnodes_births: 2.
num_vsnodes_deaths: 0.
num_space_committed: 214.
num_space_uncommitted: 0.
num_chunks_returned_to_freelist: 0.
num_chunks_taken_from_freelist: 651.
num_chunk_merges: 0.
num_chunk_splits: 414.
num_chunks_enlarged: 284.
num_inconsistent_stats: 0.

CodeHeap 'non-profiled nmethods': size=120000Kb used=1450Kb max_used=1450Kb free=118549Kb
 bounds [0x000002172ba50000, 0x000002172bcc0000, 0x0000021732f80000]
CodeHeap 'profiled nmethods': size=120000Kb used=7029Kb max_used=7029Kb free=112970Kb
 bounds [0x0000021723f80000, 0x0000021724660000, 0x000002172b4b0000]
CodeHeap 'non-nmethods': size=5760Kb used=1245Kb max_used=1260Kb free=4514Kb
 bounds [0x000002172b4b0000, 0x000002172b720000, 0x000002172ba50000]
CodeCache: size=245760Kb, used=9724Kb, max_used=9739Kb, free=236033Kb
 total_blobs=3874, nmethods=3361, adapters=419, full_count=0
Compilation: enabled, stopped_count=0, restarted_count=0

Compilation events (20 events):
Event: 15.133 Thread 0x00000217377d8590 nmethod 3347 0x0000021724653f10 code [0x0000021724654140, 0x00000217246547d8]
Event: 15.133 Thread 0x00000217377d8590 3348       3       com.sun.org.apache.xerces.internal.impl.dtd.XMLDTDProcessor::setFeature (1 bytes)
Event: 15.133 Thread 0x00000217377d8590 nmethod 3348 0x0000021724654b10 code [0x0000021724654ca0, 0x0000021724654da8]
Event: 15.133 Thread 0x00000217377d8590 3353       3       com.sun.org.apache.xerces.internal.parsers.XML11Configuration::checkProperty (192 bytes)
Event: 15.134 Thread 0x00000217377d8590 nmethod 3353 0x0000021724654e10 code [0x00000217246552a0, 0x0000021724656fd0]
Event: 15.134 Thread 0x00000217377d8590 3358       3       com.sun.org.apache.xerces.internal.impl.XMLEntityScanner::scanContent (295 bytes)
Event: 15.135 Thread 0x00000217377d8590 nmethod 3358 0x0000021724657990 code [0x0000021724657be0, 0x0000021724658510]
Event: 15.135 Thread 0x00000217377d8590 3354       3       com.sun.org.apache.xerces.internal.util.ParserConfigurationSettings::setFeature (42 bytes)
Event: 15.135 Thread 0x00000217377d8590 nmethod 3354 0x0000021724658890 code [0x0000021724658a80, 0x0000021724658f48]
Event: 15.135 Thread 0x00000217377d8590 3352       3       com.sun.org.apache.xerces.internal.utils.XMLSecurityManager$Limit::values (10 bytes)
Event: 15.135 Thread 0x00000217377d8590 nmethod 3352 0x0000021724659110 code [0x00000217246592c0, 0x0000021724659568]
Event: 15.135 Thread 0x00000217377d8590 3349       3       com.sun.org.apache.xerces.internal.impl.dtd.XMLDTDValidator::setFeature (1 bytes)
Event: 15.136 Thread 0x00000217377d8590 nmethod 3349 0x0000021724659610 code [0x00000217246597a0, 0x00000217246598a8]
Event: 15.136 Thread 0x00000217377d8590 3350       3       com.sun.org.apache.xerces.internal.impl.XMLEntityManager::setFeature (92 bytes)
Event: 15.136 Thread 0x00000217377d8590 nmethod 3350 0x0000021724659910 code [0x0000021724659be0, 0x000002172465a870]
Event: 15.136 Thread 0x00000217377d8590 3356       3       com.sun.org.apache.xerces.internal.xni.XMLString::toString (32 bytes)
Event: 15.137 Thread 0x00000217377d8590 nmethod 3356 0x000002172465ad10 code [0x000002172465aec0, 0x000002172465b0f0]
Event: 15.137 Thread 0x00000217377d8590 3357       3       com.sun.org.apache.xerces.internal.utils.XMLSecurityManager::isNoLimit (10 bytes)
Event: 15.137 Thread 0x00000217377d8590 nmethod 3357 0x000002172465b190 code [0x000002172465b320, 0x000002172465b480]
Event: 15.137 Thread 0x00000217377d8590 3361       3       com.sun.org.apache.xerces.internal.parsers.AbstractSAXParser$AttributesProxy::getLocalName (11 bytes)

GC Heap History (10 events):
Event: 1.860 GC heap before
{Heap before GC invocations=1 (full 0):
 PSYoungGen      total 29696K, used 25600K [0x00000000d5580000, 0x00000000d7680000, 0x0000000100000000)
  eden space 25600K, 100% used [0x00000000d5580000,0x00000000d6e80000,0x00000000d6e80000)
  from space 4096K, 0% used [0x00000000d7280000,0x00000000d7280000,0x00000000d7680000)
  to   space 4096K, 0% used [0x00000000d6e80000,0x00000000d6e80000,0x00000000d7280000)
 ParOldGen       total 68608K, used 0K [0x0000000080000000, 0x0000000084300000, 0x00000000d5580000)
  object space 68608K, 0% used [0x0000000080000000,0x0000000080000000,0x0000000084300000)
 Metaspace       used 4366K, committed 4608K, reserved 1114112K
  class space    used 474K, committed 576K, reserved 1048576K
}
Event: 1.870 GC heap after
{Heap after GC invocations=1 (full 0):
 PSYoungGen      total 29696K, used 3335K [0x00000000d5580000, 0x00000000d7680000, 0x0000000100000000)
  eden space 25600K, 0% used [0x00000000d5580000,0x00000000d5580000,0x00000000d6e80000)
  from space 4096K, 81% used [0x00000000d6e80000,0x00000000d71c1e98,0x00000000d7280000)
  to   space 4096K, 0% used [0x00000000d7280000,0x00000000d7280000,0x00000000d7680000)
 ParOldGen       total 68608K, used 0K [0x0000000080000000, 0x0000000084300000, 0x00000000d5580000)
  object space 68608K, 0% used [0x0000000080000000,0x0000000080000000,0x0000000084300000)
 Metaspace       used 4366K, committed 4608K, reserved 1114112K
  class space    used 474K, committed 576K, reserved 1048576K
}
Event: 2.861 GC heap before
{Heap before GC invocations=2 (full 0):
 PSYoungGen      total 29696K, used 28935K [0x00000000d5580000, 0x00000000d7680000, 0x0000000100000000)
  eden space 25600K, 100% used [0x00000000d5580000,0x00000000d6e80000,0x00000000d6e80000)
  from space 4096K, 81% used [0x00000000d6e80000,0x00000000d71c1e98,0x00000000d7280000)
  to   space 4096K, 0% used [0x00000000d7280000,0x00000000d7280000,0x00000000d7680000)
 ParOldGen       total 68608K, used 0K [0x0000000080000000, 0x0000000084300000, 0x00000000d5580000)
  object space 68608K, 0% used [0x0000000080000000,0x0000000080000000,0x0000000084300000)
 Metaspace       used 8235K, committed 8448K, reserved 1114112K
  class space    used 877K, committed 960K, reserved 1048576K
}
Event: 2.865 GC heap after
{Heap after GC invocations=2 (full 0):
 PSYoungGen      total 29696K, used 4087K [0x00000000d5580000, 0x00000000d7680000, 0x0000000100000000)
  eden space 25600K, 0% used [0x00000000d5580000,0x00000000d5580000,0x00000000d6e80000)
  from space 4096K, 99% used [0x00000000d7280000,0x00000000d767de88,0x00000000d7680000)
  to   space 4096K, 0% used [0x00000000d6e80000,0x00000000d6e80000,0x00000000d7280000)
 ParOldGen       total 68608K, used 136K [0x0000000080000000, 0x0000000084300000, 0x00000000d5580000)
  object space 68608K, 0% used [0x0000000080000000,0x0000000080022000,0x0000000084300000)
 Metaspace       used 8235K, committed 8448K, reserved 1114112K
  class space    used 877K, committed 960K, reserved 1048576K
}
Event: 3.786 GC heap before
{Heap before GC invocations=3 (full 0):
 PSYoungGen      total 29696K, used 29687K [0x00000000d5580000, 0x00000000d7680000, 0x0000000100000000)
  eden space 25600K, 100% used [0x00000000d5580000,0x00000000d6e80000,0x00000000d6e80000)
  from space 4096K, 99% used [0x00000000d7280000,0x00000000d767de88,0x00000000d7680000)
  to   space 4096K, 0% used [0x00000000d6e80000,0x00000000d6e80000,0x00000000d7280000)
 ParOldGen       total 68608K, used 136K [0x0000000080000000, 0x0000000084300000, 0x00000000d5580000)
  object space 68608K, 0% used [0x0000000080000000,0x0000000080022000,0x0000000084300000)
 Metaspace       used 8735K, committed 9024K, reserved 1114112K
  class space    used 910K, committed 1024K, reserved 1048576K
}
Event: 3.793 GC heap after
{Heap after GC invocations=3 (full 0):
 PSYoungGen      total 29696K, used 4078K [0x00000000d5580000, 0x00000000d7680000, 0x0000000100000000)
  eden space 25600K, 0% used [0x00000000d5580000,0x00000000d5580000,0x00000000d6e80000)
  from space 4096K, 99% used [0x00000000d6e80000,0x00000000d727b910,0x00000000d7280000)
  to   space 4096K, 0% used [0x00000000d7280000,0x00000000d7280000,0x00000000d7680000)
 ParOldGen       total 68608K, used 4874K [0x0000000080000000, 0x0000000084300000, 0x00000000d5580000)
  object space 68608K, 7% used [0x0000000080000000,0x00000000804c2b10,0x0000000084300000)
 Metaspace       used 8735K, committed 9024K, reserved 1114112K
  class space    used 910K, committed 1024K, reserved 1048576K
}
Event: 4.243 GC heap before
{Heap before GC invocations=4 (full 0):
 PSYoungGen      total 29696K, used 29678K [0x00000000d5580000, 0x00000000d7680000, 0x0000000100000000)
  eden space 25600K, 100% used [0x00000000d5580000,0x00000000d6e80000,0x00000000d6e80000)
  from space 4096K, 99% used [0x00000000d6e80000,0x00000000d727b910,0x00000000d7280000)
  to   space 4096K, 0% used [0x00000000d7280000,0x00000000d7280000,0x00000000d7680000)
 ParOldGen       total 68608K, used 4874K [0x0000000080000000, 0x0000000084300000, 0x00000000d5580000)
  object space 68608K, 7% used [0x0000000080000000,0x00000000804c2b10,0x0000000084300000)
 Metaspace       used 10006K, committed 10304K, reserved 1114112K
  class space    used 1046K, committed 1152K, reserved 1048576K
}
Event: 4.248 GC heap after
{Heap after GC invocations=4 (full 0):
 PSYoungGen      total 29696K, used 4084K [0x00000000d5580000, 0x00000000d7680000, 0x0000000100000000)
  eden space 25600K, 0% used [0x00000000d5580000,0x00000000d5580000,0x00000000d6e80000)
  from space 4096K, 99% used [0x00000000d7280000,0x00000000d767d048,0x00000000d7680000)
  to   space 4096K, 0% used [0x00000000d6e80000,0x00000000d6e80000,0x00000000d7280000)
 ParOldGen       total 68608K, used 6547K [0x0000000080000000, 0x0000000084300000, 0x00000000d5580000)
  object space 68608K, 9% used [0x0000000080000000,0x0000000080664c58,0x0000000084300000)
 Metaspace       used 10006K, committed 10304K, reserved 1114112K
  class space    used 1046K, committed 1152K, reserved 1048576K
}
Event: 14.904 GC heap before
{Heap before GC invocations=5 (full 0):
 PSYoungGen      total 29696K, used 29684K [0x00000000d5580000, 0x00000000d7680000, 0x0000000100000000)
  eden space 25600K, 100% used [0x00000000d5580000,0x00000000d6e80000,0x00000000d6e80000)
  from space 4096K, 99% used [0x00000000d7280000,0x00000000d767d048,0x00000000d7680000)
  to   space 4096K, 0% used [0x00000000d6e80000,0x00000000d6e80000,0x00000000d7280000)
 ParOldGen       total 68608K, used 6547K [0x0000000080000000, 0x0000000084300000, 0x00000000d5580000)
  object space 68608K, 9% used [0x0000000080000000,0x0000000080664c58,0x0000000084300000)
 Metaspace       used 12133K, committed 12480K, reserved 1114112K
  class space    used 1250K, committed 1408K, reserved 1048576K
}
Event: 14.909 GC heap after
{Heap after GC invocations=5 (full 0):
 PSYoungGen      total 29184K, used 4074K [0x00000000d5580000, 0x00000000d7a00000, 0x0000000100000000)
  eden space 25088K, 0% used [0x00000000d5580000,0x00000000d5580000,0x00000000d6e00000)
  from space 4096K, 99% used [0x00000000d6e80000,0x00000000d727abd0,0x00000000d7280000)
  to   space 6144K, 0% used [0x00000000d7400000,0x00000000d7400000,0x00000000d7a00000)
 ParOldGen       total 68608K, used 8101K [0x0000000080000000, 0x0000000084300000, 0x00000000d5580000)
  object space 68608K, 11% used [0x0000000080000000,0x00000000807e94a8,0x0000000084300000)
 Metaspace       used 12133K, committed 12480K, reserved 1114112K
  class space    used 1250K, committed 1408K, reserved 1048576K
}

Dll operation events (9 events):
Event: 0.022 Loaded shared library c:\Users\Johan\.vscode\extensions\redhat.java-1.47.0-win32-x64\jre\21.0.8-win32-x86_64\bin\java.dll
Event: 0.149 Loaded shared library c:\Users\Johan\.vscode\extensions\redhat.java-1.47.0-win32-x64\jre\21.0.8-win32-x86_64\bin\zip.dll
Event: 0.170 Loaded shared library C:\Users\Johan\.vscode\extensions\redhat.java-1.47.0-win32-x64\jre\21.0.8-win32-x86_64\bin\instrument.dll
Event: 0.176 Loaded shared library C:\Users\Johan\.vscode\extensions\redhat.java-1.47.0-win32-x64\jre\21.0.8-win32-x86_64\bin\net.dll
Event: 0.178 Loaded shared library C:\Users\Johan\.vscode\extensions\redhat.java-1.47.0-win32-x64\jre\21.0.8-win32-x86_64\bin\nio.dll
Event: 0.181 Loaded shared library C:\Users\Johan\.vscode\extensions\redhat.java-1.47.0-win32-x64\jre\21.0.8-win32-x86_64\bin\zip.dll
Event: 0.238 Loaded shared library C:\Users\Johan\.vscode\extensions\redhat.java-1.47.0-win32-x64\jre\21.0.8-win32-x86_64\bin\jimage.dll
Event: 0.672 Loaded shared library c:\Users\Johan\.vscode\extensions\redhat.java-1.47.0-win32-x64\jre\21.0.8-win32-x86_64\bin\verify.dll
Event: 3.638 Loaded shared library C:\Users\Johan\AppData\Roaming\Code\User\globalStorage\redhat.java\1.47.0\config_win\org.eclipse.equinox.launcher\org.eclipse.equinox.launcher.win32.win32.x86_64_1.2.1400.v20250801-0854\eclipse_11916.dll

Deoptimization events (20 events):
Event: 14.758 Thread 0x000002177e43d620 Uncommon trap: trap_request=0xffffff45 fr.pc=0x000002172bb782d0 relative=0x0000000000000630
Event: 14.758 Thread 0x000002177e43d620 Uncommon trap: reason=unstable_if action=reinterpret pc=0x000002172bb782d0 method=org.eclipse.osgi.framework.util.CaseInsensitiveDictionaryMap.findCommonKeyIndex(Ljava/lang/String;)Lorg/eclipse/osgi/framework/util/CaseInsensitiveDictionaryMap$CaseInsensit
Event: 14.758 Thread 0x000002177e43d620 DEOPT PACKING pc=0x000002172bb782d0 sp=0x0000004e68dfe660
Event: 14.758 Thread 0x000002177e43d620 DEOPT UNPACKING pc=0x000002172b503aa2 sp=0x0000004e68dfe5f0 mode 2
Event: 14.786 Thread 0x000002177e43d620 Uncommon trap: trap_request=0xffffff45 fr.pc=0x000002172bb7ff18 relative=0x0000000000000d18
Event: 14.786 Thread 0x000002177e43d620 Uncommon trap: reason=unstable_if action=reinterpret pc=0x000002172bb7ff18 method=java.util.Properties.loadConvert([CIILjava/lang/StringBuilder;)Ljava/lang/String; @ 491 c2
Event: 14.786 Thread 0x000002177e43d620 DEOPT PACKING pc=0x000002172bb7ff18 sp=0x0000004e68dfdfa0
Event: 14.786 Thread 0x000002177e43d620 DEOPT UNPACKING pc=0x000002172b503aa2 sp=0x0000004e68dfdf80 mode 2
Event: 14.867 Thread 0x000002177e43d620 DEOPT PACKING pc=0x000002172449b2b5 sp=0x0000004e68dfcc50
Event: 14.867 Thread 0x000002177e43d620 DEOPT UNPACKING pc=0x000002172b504242 sp=0x0000004e68dfc160 mode 0
Event: 14.876 Thread 0x000002177e43d620 DEOPT PACKING pc=0x0000021724466596 sp=0x0000004e68dfb6b0
Event: 14.876 Thread 0x000002177e43d620 DEOPT UNPACKING pc=0x000002172b504242 sp=0x0000004e68dfab00 mode 0
Event: 14.910 Thread 0x000002177e43d620 Uncommon trap: trap_request=0xffffff45 fr.pc=0x000002172bba4c90 relative=0x0000000000000070
Event: 14.910 Thread 0x000002177e43d620 Uncommon trap: reason=unstable_if action=reinterpret pc=0x000002172bba4c90 method=java.lang.ref.ReferenceQueue.poll()Ljava/lang/ref/Reference; @ 4 c2
Event: 14.910 Thread 0x000002177e43d620 DEOPT PACKING pc=0x000002172bba4c90 sp=0x0000004e68dfb720
Event: 14.910 Thread 0x000002177e43d620 DEOPT UNPACKING pc=0x000002172b503aa2 sp=0x0000004e68dfb6a8 mode 2
Event: 14.996 Thread 0x000002177e43d620 Uncommon trap: trap_request=0xffffff45 fr.pc=0x000002172baf3b2c relative=0x000000000000142c
Event: 14.996 Thread 0x000002177e43d620 Uncommon trap: reason=unstable_if action=reinterpret pc=0x000002172baf3b2c method=java.io.WinNTFileSystem.normalize(Ljava/lang/String;II)Ljava/lang/String; @ 100 c2
Event: 14.996 Thread 0x000002177e43d620 DEOPT PACKING pc=0x000002172baf3b2c sp=0x0000004e68df92d0
Event: 14.996 Thread 0x000002177e43d620 DEOPT UNPACKING pc=0x000002172b503aa2 sp=0x0000004e68df9210 mode 2

Classes loaded (20 events):
Event: 14.861 Loading class com/sun/org/apache/xerces/internal/impl/Constants
Event: 14.861 Loading class com/sun/org/apache/xerces/internal/impl/Constants done
Event: 14.862 Loading class com/sun/org/apache/xerces/internal/impl/Constants$ArrayEnumeration
Event: 14.862 Loading class com/sun/org/apache/xerces/internal/impl/Constants$ArrayEnumeration done
Event: 14.869 Loading class com/sun/org/apache/xerces/internal/impl/io/MalformedByteSequenceException
Event: 14.869 Loading class java/io/CharConversionException
Event: 14.869 Loading class java/io/CharConversionException done
Event: 14.869 Loading class com/sun/org/apache/xerces/internal/impl/io/MalformedByteSequenceException done
Event: 14.878 Loading class java/util/concurrent/CompletionStage
Event: 14.879 Loading class java/util/concurrent/CompletionStage done
Event: 14.917 Loading class java/util/concurrent/locks/ReentrantLock$FairSync
Event: 14.917 Loading class java/util/concurrent/locks/ReentrantLock$FairSync done
Event: 14.981 Loading class java/net/UnknownServiceException
Event: 14.981 Loading class java/net/UnknownServiceException done
Event: 15.050 Loading class java/lang/IllegalCallerException
Event: 15.050 Loading class java/lang/IllegalCallerException done
Event: 15.054 Loading class java/lang/invoke/DirectMethodHandle$1
Event: 15.054 Loading class java/lang/invoke/DirectMethodHandle$1 done
Event: 15.056 Loading class org/xml/sax/SAXParseException
Event: 15.057 Loading class org/xml/sax/SAXParseException done

Classes unloaded (0 events):
No events

Classes redefined (0 events):
No events

Internal exceptions (20 events):
Event: 2.129 Thread 0x0000021720d92aa0 Exception <a 'java/lang/NoSuchMethodError'{0x00000000d5b5c990}: 'int java.lang.invoke.DirectMethodHandle$Holder.invokeVirtual(java.lang.Object, java.lang.Object)'> (0x00000000d5b5c990) 
thrown [s\src\hotspot\share\interpreter\linkResolver.cpp, line 773]
Event: 2.486 Thread 0x0000021720d92aa0 Exception <a 'java/lang/IncompatibleClassChangeError'{0x00000000d6613088}: Found class java.lang.Object, but interface was expected> (0x00000000d6613088) 
thrown [s\src\hotspot\share\interpreter\linkResolver.cpp, line 840]
Event: 2.487 Thread 0x0000021720d92aa0 Exception <a 'java/lang/NoSuchMethodError'{0x00000000d661bc18}: 'void java.lang.invoke.DirectMethodHandle$Holder.invokeInterface(java.lang.Object, java.lang.Object, java.lang.Object)'> (0x00000000d661bc18) 
thrown [s\src\hotspot\share\interpreter\linkResolver.cpp, line 773]
Event: 2.519 Thread 0x0000021720d92aa0 Exception <a 'java/lang/NoSuchMethodError'{0x00000000d67904f0}: 'int java.lang.invoke.DirectMethodHandle$Holder.invokeStaticInit(java.lang.Object, java.lang.Object, java.lang.Object, java.lang.Object)'> (0x00000000d67904f0) 
thrown [s\src\hotspot\share\interpreter\linkResolver.cpp, line 773]
Event: 2.520 Thread 0x0000021720d92aa0 Exception <a 'java/lang/NoSuchMethodError'{0x00000000d679ab80}: 'void java.lang.invoke.DirectMethodHandle$Holder.invokeStaticInit(java.lang.Object, java.lang.Object)'> (0x00000000d679ab80) 
thrown [s\src\hotspot\share\interpreter\linkResolver.cpp, line 773]
Event: 2.522 Thread 0x0000021720d92aa0 Exception <a 'java/lang/NoSuchMethodError'{0x00000000d67a0120}: 'int java.lang.invoke.DirectMethodHandle$Holder.invokeStaticInit(java.lang.Object, java.lang.Object)'> (0x00000000d67a0120) 
thrown [s\src\hotspot\share\interpreter\linkResolver.cpp, line 773]
Event: 2.701 Thread 0x0000021720d92aa0 Exception <a 'java/lang/NoSuchMethodError'{0x00000000d6987f18}: 'java.lang.Object java.lang.invoke.DirectMethodHandle$Holder.newInvokeSpecial(java.lang.Object, int, java.lang.Object)'> (0x00000000d6987f18) 
thrown [s\src\hotspot\share\interpreter\linkResolver.cpp, line 773]
Event: 2.735 Thread 0x0000021720d92aa0 Exception <a 'java/lang/ClassNotFoundException'{0x00000000d6b05ea8}: sun/net/www/protocol/plurl/Handler> (0x00000000d6b05ea8) 
thrown [s\src\hotspot\share\classfile\systemDictionary.cpp, line 312]
Event: 2.735 Thread 0x0000021720d92aa0 Exception <a 'java/lang/ClassNotFoundException'{0x00000000d6b06d28}: sun/net/www/protocol/plurl/Handler> (0x00000000d6b06d28) 
thrown [s\src\hotspot\share\classfile\systemDictionary.cpp, line 312]
Event: 2.739 Thread 0x0000021720d92aa0 Exception <a 'java/lang/NoSuchMethodError'{0x00000000d6b471b0}: 'void java.lang.invoke.DirectMethodHandle$Holder.invokeSpecial(java.lang.Object, java.lang.Object, java.lang.Object)'> (0x00000000d6b471b0) 
thrown [s\src\hotspot\share\interpreter\linkResolver.cpp, line 773]
Event: 3.620 Thread 0x0000021720d92aa0 Exception <a 'java/lang/UnsatisfiedLinkError'{0x00000000d6a39b08}: 'void org.eclipse.equinox.launcher.JNIBridge._update_splash()'> (0x00000000d6a39b08) 
thrown [s\src\hotspot\share\prims\nativeLookup.cpp, line 415]
Event: 4.124 Thread 0x000002177e43d620 Exception <a 'java/lang/NoSuchMethodError'{0x00000000d63f17e0}: 'java.lang.Object java.lang.invoke.DirectMethodHandle$Holder.newInvokeSpecial(java.lang.Object, java.lang.Object, int, java.lang.Object)'> (0x00000000d63f17e0) 
thrown [s\src\hotspot\share\interpreter\linkResolver.cpp, line 773]
Event: 4.124 Thread 0x000002177e43d620 Exception <a 'java/lang/NoSuchMethodError'{0x00000000d63f58a8}: 'java.lang.Object java.lang.invoke.DirectMethodHandle$Holder.invokeSpecial(java.lang.Object, java.lang.Object, java.lang.Object, int, java.lang.Object)'> (0x00000000d63f58a8) 
thrown [s\src\hotspot\share\interpreter\linkResolver.cpp, line 773]
Event: 4.141 Thread 0x000002177e43d620 Exception <a 'java/lang/NoClassDefFoundError'{0x00000000d64a0bb8}: jakarta/servlet/ServletContainerInitializer> (0x00000000d64a0bb8) 
thrown [s\src\hotspot\share\classfile\systemDictionary.cpp, line 301]
Event: 4.177 Thread 0x000002177e43d620 Exception <a 'java/lang/NoSuchMethodError'{0x00000000d65eef90}: 'java.lang.Object java.lang.invoke.DirectMethodHandle$Holder.invokeStatic(java.lang.Object, int, java.lang.Object)'> (0x00000000d65eef90) 
thrown [s\src\hotspot\share\interpreter\linkResolver.cpp, line 773]
Event: 4.184 Thread 0x000002177e43d620 Exception <a 'java/lang/ClassNotFoundException'{0x00000000d664d238}: sun/util/logging/resources/spi/loggingProvider> (0x00000000d664d238) 
thrown [s\src\hotspot\share\classfile\systemDictionary.cpp, line 312]
Event: 14.781 Thread 0x000002177e43d620 Exception <a 'java/lang/OutOfMemoryError'{0x00000000d6718680}> (0x00000000d6718680) 
thrown [s\src\hotspot\share\prims\jni.cpp, line 539]
Event: 14.789 Thread 0x000002177e43d620 Exception <a 'java/lang/NoSuchMethodError'{0x00000000d677ad60}: 'void java.lang.invoke.Invokers$Holder.invokeExact_MT(java.lang.Object, java.lang.Object, java.lang.Object)'> (0x00000000d677ad60) 
thrown [s\src\hotspot\share\interpreter\linkResolver.cpp, line 773]
Event: 14.983 Thread 0x000002177e43d620 Exception <a 'java/lang/NullPointerException'{0x00000000d58aab90}> (0x00000000d58aab90) 
thrown [s\src\hotspot\share\interpreter\linkResolver.cpp, line 1372]
Event: 14.983 Thread 0x000002177e43d620 Exception <a 'java/lang/NullPointerException'{0x00000000d58ab3d0}> (0x00000000d58ab3d0) 
thrown [s\src\hotspot\share\interpreter\linkResolver.cpp, line 1372]

ZGC Phase Switch (0 events):
No events

VM Operations (20 events):
Event: 4.243 Executing VM operation: ParallelGCFailedAllocation (Allocation Failure)
Event: 4.248 Executing VM operation: ParallelGCFailedAllocation (Allocation Failure) done
Event: 4.320 Executing VM operation: HandshakeAllThreads (Deoptimize)
Event: 4.320 Executing VM operation: HandshakeAllThreads (Deoptimize) done
Event: 6.321 Executing VM operation: Cleanup
Event: 6.322 Executing VM operation: Cleanup done
Event: 8.513 Executing VM operation: HandshakeAllThreads (Deoptimize)
Event: 8.513 Executing VM operation: HandshakeAllThreads (Deoptimize) done
Event: 8.513 Executing VM operation: Cleanup
Event: 8.513 Executing VM operation: Cleanup done
Event: 9.514 Executing VM operation: Cleanup
Event: 9.515 Executing VM operation: Cleanup done
Event: 13.540 Executing VM operation: Cleanup
Event: 13.540 Executing VM operation: Cleanup done
Event: 14.550 Executing VM operation: Cleanup
Event: 14.550 Executing VM operation: Cleanup done
Event: 14.904 Executing VM operation: ParallelGCFailedAllocation (Allocation Failure)
Event: 14.909 Executing VM operation: ParallelGCFailedAllocation (Allocation Failure) done
Event: 14.918 Executing VM operation: HandshakeAllThreads (Deoptimize)
Event: 14.918 Executing VM operation: HandshakeAllThreads (Deoptimize) done

Memory protections (0 events):
No events

Nmethod flushes (0 events):
No events

Events (20 events):
Event: 0.054 Thread 0x0000021720d92aa0 Thread added: 0x0000021737775580
Event: 0.054 Thread 0x0000021720d92aa0 Thread added: 0x00000217377761d0
Event: 0.054 Thread 0x0000021720d92aa0 Thread added: 0x0000021737779a00
Event: 0.056 Thread 0x0000021720d92aa0 Thread added: 0x00000217377d8590
Event: 0.113 Thread 0x0000021720d92aa0 Thread added: 0x00000217794673b0
Event: 0.851 Thread 0x0000021720d92aa0 Thread added: 0x00000217796b2ad0
Event: 2.363 Thread 0x0000021720d92aa0 Thread added: 0x000002177e4ce840
Event: 2.396 Thread 0x000002177e4ce840 Thread added: 0x000002177e356ef0
Event: 2.415 Thread 0x0000021720d92aa0 Thread added: 0x000002177e357550
Event: 2.448 Thread 0x0000021720d92aa0 Thread added: 0x000002177e580630
Event: 2.565 Thread 0x0000021720d92aa0 Thread added: 0x000002177e5a1e20
Event: 2.854 Thread 0x0000021720d92aa0 Thread added: 0x000002177e4b1c20
Event: 2.857 Thread 0x0000021720d92aa0 Thread added: 0x000002177e43d620
Event: 3.617 Thread 0x0000021720d92aa0 Thread added: 0x000002177ebe5330
Event: 5.588 Thread 0x000002177e43d620 Thread added: 0x000002177ebe66e0
Event: 13.850 Thread 0x000002177e580630 Thread exited: 0x000002177e580630
Event: 13.875 Thread 0x000002177e356ef0 Thread exited: 0x000002177e356ef0
Event: 13.899 Thread 0x000002177e357550 Thread exited: 0x000002177e357550
Event: 13.900 Thread 0x000002177e4ce840 Thread exited: 0x000002177e4ce840
Event: 14.881 Thread 0x000002177e43d620 Thread added: 0x000002177ebe6050


Dynamic libraries:
0x00007ff69f7b0000 - 0x00007ff69f7be000 	c:\Users\Johan\.vscode\extensions\redhat.java-1.47.0-win32-x64\jre\21.0.8-win32-x86_64\bin\java.exe
0x00007ffe8c3f0000 - 0x00007ffe8c607000 	C:\WINDOWS\SYSTEM32\ntdll.dll
0x00007ffe8a720000 - 0x00007ffe8a7e4000 	C:\WINDOWS\System32\KERNEL32.DLL
0x00007ffe898a0000 - 0x00007ffe89c72000 	C:\WINDOWS\System32\KERNELBASE.dll
0x00007ffe89650000 - 0x00007ffe89761000 	C:\WINDOWS\System32\ucrtbase.dll
0x00007ffe63100000 - 0x00007ffe6311e000 	c:\Users\Johan\.vscode\extensions\redhat.java-1.47.0-win32-x64\jre\21.0.8-win32-x86_64\bin\VCRUNTIME140.dll
0x00007ffe63300000 - 0x00007ffe63318000 	c:\Users\Johan\.vscode\extensions\redhat.java-1.47.0-win32-x64\jre\21.0.8-win32-x86_64\bin\jli.dll
0x00007ffe8b5f0000 - 0x00007ffe8b7a1000 	C:\WINDOWS\System32\USER32.dll
0x00007ffe89c80000 - 0x00007ffe89ca6000 	C:\WINDOWS\System32\win32u.dll
0x00007ffe8c210000 - 0x00007ffe8c239000 	C:\WINDOWS\System32\GDI32.dll
0x00007ffe75ac0000 - 0x00007ffe75d5b000 	C:\WINDOWS\WinSxS\amd64_microsoft.windows.common-controls_6595b64144ccf1df_6.0.22621.5697_none_27154c497380d676\COMCTL32.dll
0x00007ffe89f50000 - 0x00007ffe8a073000 	C:\WINDOWS\System32\gdi32full.dll
0x00007ffe8b130000 - 0x00007ffe8b1d7000 	C:\WINDOWS\System32\msvcrt.dll
0x00007ffe89df0000 - 0x00007ffe89e8a000 	C:\WINDOWS\System32\msvcp_win.dll
0x00007ffe8b7b0000 - 0x00007ffe8b7e1000 	C:\WINDOWS\System32\IMM32.DLL
0x00007ffe688d0000 - 0x00007ffe688dc000 	c:\Users\Johan\.vscode\extensions\redhat.java-1.47.0-win32-x64\jre\21.0.8-win32-x86_64\bin\vcruntime140_1.dll
0x00007ffe63070000 - 0x00007ffe630fd000 	c:\Users\Johan\.vscode\extensions\redhat.java-1.47.0-win32-x64\jre\21.0.8-win32-x86_64\bin\msvcp140.dll
0x00007ffe12380000 - 0x00007ffe13117000 	c:\Users\Johan\.vscode\extensions\redhat.java-1.47.0-win32-x64\jre\21.0.8-win32-x86_64\bin\server\jvm.dll
0x00007ffe8a250000 - 0x00007ffe8a301000 	C:\WINDOWS\System32\ADVAPI32.dll
0x00007ffe8bd80000 - 0x00007ffe8be28000 	C:\WINDOWS\System32\sechost.dll
0x00007ffe897f0000 - 0x00007ffe89818000 	C:\WINDOWS\System32\bcrypt.dll
0x00007ffe8c0f0000 - 0x00007ffe8c207000 	C:\WINDOWS\System32\RPCRT4.dll
0x00007ffe8b0b0000 - 0x00007ffe8b121000 	C:\WINDOWS\System32\WS2_32.dll
0x00007ffe893b0000 - 0x00007ffe893fd000 	C:\WINDOWS\SYSTEM32\POWRPROF.dll
0x00007ffe86250000 - 0x00007ffe86284000 	C:\WINDOWS\SYSTEM32\WINMM.dll
0x00007ffe7f6e0000 - 0x00007ffe7f6ea000 	C:\WINDOWS\SYSTEM32\VERSION.dll
0x00007ffe89390000 - 0x00007ffe893a3000 	C:\WINDOWS\SYSTEM32\UMPDC.dll
0x00007ffe88480000 - 0x00007ffe88498000 	C:\WINDOWS\SYSTEM32\kernel.appcore.dll
0x00007ffe64010000 - 0x00007ffe6401a000 	c:\Users\Johan\.vscode\extensions\redhat.java-1.47.0-win32-x64\jre\21.0.8-win32-x86_64\bin\jimage.dll
0x00007ffe86fa0000 - 0x00007ffe871d3000 	C:\WINDOWS\SYSTEM32\DBGHELP.DLL
0x00007ffe8b1e0000 - 0x00007ffe8b572000 	C:\WINDOWS\System32\combase.dll
0x00007ffe8a4e0000 - 0x00007ffe8a5b8000 	C:\WINDOWS\System32\OLEAUT32.dll
0x00007ffe861f0000 - 0x00007ffe86222000 	C:\WINDOWS\SYSTEM32\dbgcore.DLL
0x00007ffe89770000 - 0x00007ffe897eb000 	C:\WINDOWS\System32\bcryptPrimitives.dll
0x00007ffe626f0000 - 0x00007ffe626ff000 	c:\Users\Johan\.vscode\extensions\redhat.java-1.47.0-win32-x64\jre\21.0.8-win32-x86_64\bin\instrument.dll
0x00007ffe63050000 - 0x00007ffe6306f000 	c:\Users\Johan\.vscode\extensions\redhat.java-1.47.0-win32-x64\jre\21.0.8-win32-x86_64\bin\java.dll
0x00007ffe8a800000 - 0x00007ffe8b0a1000 	C:\WINDOWS\System32\SHELL32.dll
0x00007ffe89cb0000 - 0x00007ffe89def000 	C:\WINDOWS\System32\wintypes.dll
0x00007ffe87370000 - 0x00007ffe87c8a000 	C:\WINDOWS\SYSTEM32\windows.storage.dll
0x00007ffe8c2a0000 - 0x00007ffe8c3ab000 	C:\WINDOWS\System32\SHCORE.dll
0x00007ffe8c080000 - 0x00007ffe8c0e9000 	C:\WINDOWS\System32\shlwapi.dll
0x00007ffe89410000 - 0x00007ffe8943b000 	C:\WINDOWS\SYSTEM32\profapi.dll
0x00007ffe63030000 - 0x00007ffe63048000 	c:\Users\Johan\.vscode\extensions\redhat.java-1.47.0-win32-x64\jre\21.0.8-win32-x86_64\bin\zip.dll
0x00007ffe63730000 - 0x00007ffe63740000 	C:\Users\Johan\.vscode\extensions\redhat.java-1.47.0-win32-x64\jre\21.0.8-win32-x86_64\bin\net.dll
0x00007ffe82b10000 - 0x00007ffe82c3c000 	C:\WINDOWS\SYSTEM32\WINHTTP.dll
0x00007ffe88940000 - 0x00007ffe889a9000 	C:\WINDOWS\system32\mswsock.dll
0x00007ffe63010000 - 0x00007ffe63026000 	C:\Users\Johan\.vscode\extensions\redhat.java-1.47.0-win32-x64\jre\21.0.8-win32-x86_64\bin\nio.dll
0x00007ffe62420000 - 0x00007ffe62430000 	c:\Users\Johan\.vscode\extensions\redhat.java-1.47.0-win32-x64\jre\21.0.8-win32-x86_64\bin\verify.dll
0x00007ffe4bc70000 - 0x00007ffe4bcb4000 	C:\Users\Johan\AppData\Roaming\Code\User\globalStorage\redhat.java\1.47.0\config_win\org.eclipse.equinox.launcher\org.eclipse.equinox.launcher.win32.win32.x86_64_1.2.1400.v20250801-0854\eclipse_11916.dll
0x00007ffe8a080000 - 0x00007ffe8a220000 	C:\WINDOWS\System32\ole32.dll

JVMTI agents:
c:\Users\Johan\.vscode\extensions\redhat.java-1.47.0-win32-x64\lombok\lombok-1.18.39-4050.jar path:c:\Users\Johan\.vscode\extensions\redhat.java-1.47.0-win32-x64\jre\21.0.8-win32-x86_64\bin\instrument.dll, loaded, initialized, instrumentlib options:none

dbghelp: loaded successfully - version: 4.0.5 - missing functions: none
symbol engine: initialized successfully - sym options: 0x614 - pdb path: .;c:\Users\Johan\.vscode\extensions\redhat.java-1.47.0-win32-x64\jre\21.0.8-win32-x86_64\bin;C:\WINDOWS\SYSTEM32;C:\WINDOWS\WinSxS\amd64_microsoft.windows.common-controls_6595b64144ccf1df_6.0.22621.5697_none_27154c497380d676;c:\Users\Johan\.vscode\extensions\redhat.java-1.47.0-win32-x64\jre\21.0.8-win32-x86_64\bin\server;C:\Users\Johan\AppData\Roaming\Code\User\globalStorage\redhat.java\1.47.0\config_win\org.eclipse.equinox.launcher\org.eclipse.equinox.launcher.win32.win32.x86_64_1.2.1400.v20250801-0854

VM Arguments:
jvm_args: --add-modules=ALL-SYSTEM --add-opens=java.base/java.util=ALL-UNNAMED --add-opens=java.base/java.lang=ALL-UNNAMED --add-opens=java.base/sun.nio.fs=ALL-UNNAMED -Declipse.application=org.eclipse.jdt.ls.core.id1 -Dosgi.bundles.defaultStartLevel=4 -Declipse.product=org.eclipse.jdt.ls.core.product -Djava.import.generatesMetadataFilesAtProjectRoot=false -DDetectVMInstallationsJob.disabled=true -Dfile.encoding=utf8 -XX:+UseParallelGC -XX:GCTimeRatio=4 -XX:AdaptiveSizePolicyWeight=90 -Dsun.zip.disableMemoryMapping=true -Xmx2G -Xms100m -Xlog:disable -javaagent:c:\Users\Johan\.vscode\extensions\redhat.java-1.47.0-win32-x64\lombok\lombok-1.18.39-4050.jar -XX:+HeapDumpOnOutOfMemoryError -XX:HeapDumpPath=c:\Users\Johan\AppData\Roaming\Code\User\workspaceStorage\824e8af3fc6f9d32fa1fbbc3f1f53090\redhat.java -Daether.dependencyCollector.impl=bf 
java_command: c:\Users\Johan\.vscode\extensions\redhat.java-1.47.0-win32-x64\server\plugins\org.eclipse.equinox.launcher_1.7.100.v20251014-1222.jar -configuration c:\Users\Johan\AppData\Roaming\Code\User\globalStorage\redhat.java\1.47.0\config_win -data c:\Users\Johan\AppData\Roaming\Code\User\workspaceStorage\824e8af3fc6f9d32fa1fbbc3f1f53090\redhat.java\jdt_ws --pipe=\\.\pipe\lsp-539c14c4a6e77fd1eaa894351f82e48a-sock
java_class_path (initial): c:\Users\Johan\.vscode\extensions\redhat.java-1.47.0-win32-x64\server\plugins\org.eclipse.equinox.launcher_1.7.100.v20251014-1222.jar
Launcher Type: SUN_STANDARD

[Global flags]
    uintx AdaptiveSizePolicyWeight                 = 90                                        {product} {command line}
     intx CICompilerCount                          = 3                                         {product} {ergonomic}
    uintx GCTimeRatio                              = 4                                         {product} {command line}
     bool HeapDumpOnOutOfMemoryError               = true                                   {manageable} {command line}
    ccstr HeapDumpPath                             = c:\Users\Johan\AppData\Roaming\Code\User\workspaceStorage\824e8af3fc6f9d32fa1fbbc3f1f53090\redhat.java         {manageable} {command line}
   size_t InitialHeapSize                          = 104857600                                 {product} {command line}
   size_t MaxHeapSize                              = 2147483648                                {product} {command line}
   size_t MaxNewSize                               = 715653120                                 {product} {ergonomic}
   size_t MinHeapDeltaBytes                        = 524288                                    {product} {ergonomic}
   size_t MinHeapSize                              = 104857600                                 {product} {command line}
   size_t NewSize                                  = 34603008                                  {product} {ergonomic}
    uintx NonNMethodCodeHeapSize                   = 5832780                                {pd product} {ergonomic}
    uintx NonProfiledCodeHeapSize                  = 122912730                              {pd product} {ergonomic}
   size_t OldSize                                  = 70254592                                  {product} {ergonomic}
    uintx ProfiledCodeHeapSize                     = 122912730                              {pd product} {ergonomic}
    uintx ReservedCodeCacheSize                    = 251658240                              {pd product} {ergonomic}
     bool SegmentedCodeCache                       = true                                      {product} {ergonomic}
   size_t SoftMaxHeapSize                          = 2147483648                             {manageable} {ergonomic}
     bool UseCompressedOops                        = true                           {product lp64_product} {ergonomic}
     bool UseLargePagesIndividualAllocation        = false                                  {pd product} {ergonomic}
     bool UseParallelGC                            = true                                      {product} {command line}

Logging:
Log output configuration:
 #0: stdout all=off uptime,level,tags foldmultilines=false
 #1: stderr all=off uptime,level,tags foldmultilines=false

Environment Variables:
PATH=C:\Program Files (x86)\Common Files\Oracle\Java\javapath;C:\Program Files\AdoptOpenJDK\jdk-11.0.8.10-hotspot\bin;C:\WINDOWS\system32;C:\WINDOWS;C:\WINDOWS\System32\Wbem;C:\WINDOWS\System32\WindowsPowerShell\v1.0\;C:\WINDOWS\System32\OpenSSH\;C:\Program Files (x86)\scala\bin;C:\Program Files\Git\cmd;C:\Program Files (x86)\sbt\bin;C:\Program Files\nodejs\;C:\Program Files\dotnet\;C:\Users\Johan\AppData\Local\Microsoft\WindowsApps;C:\Users\Johan\AppData\Local\Programs\Microsoft VS Code\bin;C:\Users\Johan\AppData\Roaming\npm;C:\Users\Johan\.dotnet\tools
USERNAME=Johan
OS=Windows_NT
PROCESSOR_IDENTIFIER=AMD64 Family 23 Model 96 Stepping 1, AuthenticAMD
TMP=C:\Users\Johan\AppData\Local\Temp
TEMP=C:\Users\Johan\AppData\Local\Temp




Periodic native trim disabled

---------------  S Y S T E M  ---------------

OS:
 Windows 11 , 64 bit Build 22621 (10.0.22621.5415)
OS uptime: 3 days 0:28 hours
Hyper-V role detected

CPU: total 4 (initial active 4) (4 cores per cpu, 1 threads per core) family 23 model 96 stepping 1 microcode 0x0, cx8, cmov, fxsr, mmx, 3dnowpref, sse, sse2, sse3, ssse3, sse4a, sse4.1, sse4.2, popcnt, lzcnt, tsc, tscinvbit, avx, avx2, aes, clmul, bmi1, bmi2, adx, sha, fma, vzeroupper, clflush, clflushopt, hv, rdtscp, rdpid, f16c
Processor Information for the first 4 processors :
  Max Mhz: 2700, Current Mhz: 2700, Mhz Limit: 2700

Memory: 4k page, system-wide physical 3454M (48M free)
TotalPageFile size 11454M (AvailPageFile size 0M)
current process WorkingSet (physical memory assigned to process): 114M, peak: 114M
current process commit charge ("private bytes"): 243M, peak: 243M

vm_info: OpenJDK 64-Bit Server VM (21.0.8+9-LTS) for windows-amd64 JRE (21.0.8+9-LTS), built on 2025-07-15T00:00:00Z by "admin" with MS VC++ 17.7 (VS2022)

END.
