#
# There is insufficient memory for the Java Runtime Environment to continue.
# Native memory allocation (malloc) failed to allocate 656816 bytes. Error detail: Chunk::new
# Possible reasons:
#   The system is out of physical RAM or swap space
#   This process is running with CompressedOops enabled, and the Java Heap may be blocking the growth of the native heap
# Possible solutions:
#   Reduce memory load on the system
#   Increase physical memory or swap space
#   Check if swap backing store is full
#   Decrease Java heap size (-Xmx/-Xms)
#   Decrease number of Java threads
#   Decrease Java thread stack sizes (-Xss)
#   Set larger code cache with -XX:ReservedCodeCacheSize=
#   JVM is running with Unscaled Compressed Oops mode in which the Java heap is
#     placed in the first 4GB address space. The Java Heap base address is the
#     maximum limit for the native heap growth. Please use -XX:HeapBaseMinAddress
#     to set the Java Heap base and to place the Java Heap above 4GB virtual address.
# This output file may be truncated or incomplete.
#
#  Out of Memory Error (arena.cpp:168), pid=4832, tid=14868
#
# JRE version: OpenJDK Runtime Environment Temurin-21.0.8+9 (21.0.8+9) (build 21.0.8+9-LTS)
# Java VM: OpenJDK 64-Bit Server VM Temurin-21.0.8+9 (21.0.8+9-LTS, mixed mode, sharing, tiered, compressed oops, compressed class ptrs, parallel gc, windows-amd64)
# No core dump will be written. Minidumps are not enabled by default on client versions of Windows
#

---------------  S U M M A R Y ------------

Command Line: --add-modules=ALL-SYSTEM --add-opens=java.base/java.util=ALL-UNNAMED --add-opens=java.base/java.lang=ALL-UNNAMED --add-opens=java.base/sun.nio.fs=ALL-UNNAMED -Declipse.application=org.eclipse.jdt.ls.core.id1 -Dosgi.bundles.defaultStartLevel=4 -Declipse.product=org.eclipse.jdt.ls.core.product -Djava.import.generatesMetadataFilesAtProjectRoot=false -DDetectVMInstallationsJob.disabled=true -Dfile.encoding=utf8 -XX:+UseParallelGC -XX:GCTimeRatio=4 -XX:AdaptiveSizePolicyWeight=90 -Dsun.zip.disableMemoryMapping=true -Xmx2G -Xms100m -Xlog:disable -javaagent:c:\Users\Johan\.vscode\extensions\redhat.java-1.47.0-win32-x64\lombok\lombok-1.18.39-4050.jar -XX:+HeapDumpOnOutOfMemoryError -XX:HeapDumpPath=c:\Users\Johan\AppData\Roaming\Code\User\workspaceStorage\824e8af3fc6f9d32fa1fbbc3f1f53090\redhat.java -Daether.dependencyCollector.impl=bf c:\Users\Johan\.vscode\extensions\redhat.java-1.47.0-win32-x64\server\plugins\org.eclipse.equinox.launcher_1.7.100.v20251014-1222.jar -configuration c:\Users\Johan\AppData\Roaming\Code\User\globalStorage\redhat.java\1.47.0\config_win -data c:\Users\Johan\AppData\Roaming\Code\User\workspaceStorage\824e8af3fc6f9d32fa1fbbc3f1f53090\redhat.java\jdt_ws --pipe=\\.\pipe\lsp-04bf1c3637224cbac1956035b1c5a53f-sock

Host: AMD Ryzen 3 4300U with Radeon Graphics         , 4 cores, 3G,  Windows 11 , 64 bit Build 22621 (10.0.22621.5415)
Time: Mon Nov  3 13:43:35 2025 Västeuropa, normaltid elapsed time: 10.625898 seconds (0d 0h 0m 10s)

---------------  T H R E A D  ---------------

Current thread (0x000002516a32c1a0):  JavaThread "C2 CompilerThread0" daemon [_thread_in_native, id=14868, stack(0x000000c9dbf00000,0x000000c9dc000000) (1024K)]


Current CompileTask:
C2:10625 1853       4       org.eclipse.osgi.util.ManifestElement::readLine (122 bytes)

Stack: [0x000000c9dbf00000,0x000000c9dc000000]
Native frames: (J=compiled Java code, j=interpreted, Vv=VM code, C=native code)
V  [jvm.dll+0x6d2449]
V  [jvm.dll+0x8ae341]
V  [jvm.dll+0x8b08be]
V  [jvm.dll+0x8b0fa3]
V  [jvm.dll+0x280c96]
V  [jvm.dll+0xc581d]
V  [jvm.dll+0xc5d53]
V  [jvm.dll+0x3b9162]
V  [jvm.dll+0x385315]
V  [jvm.dll+0x38477a]
V  [jvm.dll+0x248ed0]
V  [jvm.dll+0x2484af]
V  [jvm.dll+0x1c89ee]
V  [jvm.dll+0x257d4d]
V  [jvm.dll+0x2562ea]
V  [jvm.dll+0x3f2d16]
V  [jvm.dll+0x857e6b]
V  [jvm.dll+0x6d0b0d]
C  [ucrtbase.dll+0x29333]
C  [KERNEL32.DLL+0x1259d]
C  [ntdll.dll+0x5af78]


---------------  P R O C E S S  ---------------

Threads class SMR info:
_java_thread_list=0x000002517e187600, length=18, elements={
0x000002516a42ca60, 0x000002516a319060, 0x000002516a31aa90, 0x000002516a31ec10,
0x000002516a320870, 0x000002516a321eb0, 0x000002516a323620, 0x000002516a32c1a0,
0x000002516a38e840, 0x000002517d9d3c60, 0x000002517d9d2220, 0x000002517d9d2f40,
0x000002517d9d42f0, 0x000002517d9d4980, 0x000002517d9d1500, 0x000002517d9d28b0,
0x000002517d9d35d0, 0x000002517d9d1b90
}

Java Threads: ( => current thread )
  0x000002516a42ca60 JavaThread "main"                              [_thread_in_native, id=15624, stack(0x000000c9db500000,0x000000c9db600000) (1024K)]
  0x000002516a319060 JavaThread "Reference Handler"          daemon [_thread_blocked, id=5260, stack(0x000000c9db900000,0x000000c9dba00000) (1024K)]
  0x000002516a31aa90 JavaThread "Finalizer"                  daemon [_thread_blocked, id=18448, stack(0x000000c9dba00000,0x000000c9dbb00000) (1024K)]
  0x000002516a31ec10 JavaThread "Signal Dispatcher"          daemon [_thread_blocked, id=12544, stack(0x000000c9dbb00000,0x000000c9dbc00000) (1024K)]
  0x000002516a320870 JavaThread "Attach Listener"            daemon [_thread_blocked, id=17496, stack(0x000000c9dbc00000,0x000000c9dbd00000) (1024K)]
  0x000002516a321eb0 JavaThread "Service Thread"             daemon [_thread_blocked, id=14968, stack(0x000000c9dbd00000,0x000000c9dbe00000) (1024K)]
  0x000002516a323620 JavaThread "Monitor Deflation Thread"   daemon [_thread_blocked, id=3592, stack(0x000000c9dbe00000,0x000000c9dbf00000) (1024K)]
=>0x000002516a32c1a0 JavaThread "C2 CompilerThread0"         daemon [_thread_in_native, id=14868, stack(0x000000c9dbf00000,0x000000c9dc000000) (1024K)]
  0x000002516a38e840 JavaThread "C1 CompilerThread0"         daemon [_thread_blocked, id=15828, stack(0x000000c9dc000000,0x000000c9dc100000) (1024K)]
  0x000002517d9d3c60 JavaThread "Common-Cleaner"             daemon [_thread_blocked, id=21064, stack(0x000000c9dc100000,0x000000c9dc200000) (1024K)]
  0x000002517d9d2220 JavaThread "Notification Thread"        daemon [_thread_blocked, id=21180, stack(0x000000c9dc200000,0x000000c9dc300000) (1024K)]
  0x000002517d9d2f40 JavaThread "Equinox resolver thread - Equinox Container: 6e9eff62-a87d-4dad-924c-548166b5a15a" daemon [_thread_blocked, id=5440, stack(0x000000c9dc600000,0x000000c9dc700000) (1024K)]
  0x000002517d9d42f0 JavaThread "Equinox resolver thread - Equinox Container: 6e9eff62-a87d-4dad-924c-548166b5a15a" daemon [_thread_blocked, id=17416, stack(0x000000c9dc700000,0x000000c9dc800000) (1024K)]
  0x000002517d9d4980 JavaThread "Equinox resolver thread - Equinox Container: 6e9eff62-a87d-4dad-924c-548166b5a15a" daemon [_thread_blocked, id=12984, stack(0x000000c9dc800000,0x000000c9dc900000) (1024K)]
  0x000002517d9d1500 JavaThread "Equinox resolver thread - Equinox Container: 6e9eff62-a87d-4dad-924c-548166b5a15a" daemon [_thread_blocked, id=17848, stack(0x000000c9dc900000,0x000000c9dca00000) (1024K)]
  0x000002517d9d28b0 JavaThread "Active Thread: Equinox Container: 6e9eff62-a87d-4dad-924c-548166b5a15a"        [_thread_blocked, id=16160, stack(0x000000c9dca00000,0x000000c9dcb00000) (1024K)]
  0x000002517d9d35d0 JavaThread "Framework Event Dispatcher: Equinox Container: 6e9eff62-a87d-4dad-924c-548166b5a15a" daemon [_thread_blocked, id=17772, stack(0x000000c9dcb00000,0x000000c9dcc00000) (1024K)]
  0x000002517d9d1b90 JavaThread "Start Level: Equinox Container: 6e9eff62-a87d-4dad-924c-548166b5a15a" daemon [_thread_blocked, id=9600, stack(0x000000c9dcc00000,0x000000c9dcd00000) (1024K)]
Total: 18

Other Threads:
  0x000002516a4ec210 VMThread "VM Thread"                           [id=5908, stack(0x000000c9db800000,0x000000c9db900000) (1024K)]
  0x000002516a497cc0 WatcherThread "VM Periodic Task Thread"        [id=17052, stack(0x000000c9db700000,0x000000c9db800000) (1024K)]
  0x000002516a449d70 WorkerThread "GC Thread#0"                     [id=18664, stack(0x000000c9db600000,0x000000c9db700000) (1024K)]
  0x000002517df35520 WorkerThread "GC Thread#1"                     [id=19728, stack(0x000000c9dc300000,0x000000c9dc400000) (1024K)]
  0x000002517e210050 WorkerThread "GC Thread#2"                     [id=15508, stack(0x000000c9dc400000,0x000000c9dc500000) (1024K)]
  0x000002517df53e80 WorkerThread "GC Thread#3"                     [id=6680, stack(0x000000c9dc500000,0x000000c9dc600000) (1024K)]
Total: 6

Threads with active compile tasks:
C2 CompilerThread0  10648 1853       4       org.eclipse.osgi.util.ManifestElement::readLine (122 bytes)
Total: 1

VM state: not at safepoint (normal execution)

VM Mutex/Monitor currently owned by a thread: None

Heap address: 0x0000000080000000, size: 2048 MB, Compressed Oops mode: 32-bit

CDS archive(s) mapped at: [0x0000025104000000-0x0000025104ba0000-0x0000025104ba0000), size 12189696, SharedBaseAddress: 0x0000025104000000, ArchiveRelocationMode: 1.
Compressed class space mapped at: 0x0000025105000000-0x0000025145000000, reserved size: 1073741824
Narrow klass base: 0x0000025104000000, Narrow klass shift: 0, Narrow klass range: 0x100000000

GC Precious Log:
 CardTable entry size: 512
 CPUs: 4 total, 4 available
 Memory: 3454M
 Large Page Support: Disabled
 NUMA Support: Disabled
 Compressed Oops: Enabled (32-bit)
 Alignments: Space 512K, Generation 512K, Heap 2M
 Heap Min Capacity: 100M
 Heap Initial Capacity: 100M
 Heap Max Capacity: 2G
 Pre-touch: Disabled
 Parallel Workers: 4

Heap:
 PSYoungGen      total 29696K, used 13095K [0x00000000d5580000, 0x00000000d7680000, 0x0000000100000000)
  eden space 25600K, 35% used [0x00000000d5580000,0x00000000d5e501e0,0x00000000d6e80000)
  from space 4096K, 99% used [0x00000000d7280000,0x00000000d7679cf0,0x00000000d7680000)
  to   space 4096K, 0% used [0x00000000d6e80000,0x00000000d6e80000,0x00000000d7280000)
 ParOldGen       total 68608K, used 136K [0x0000000080000000, 0x0000000084300000, 0x00000000d5580000)
  object space 68608K, 0% used [0x0000000080000000,0x0000000080022000,0x0000000084300000)
 Metaspace       used 8480K, committed 8768K, reserved 1114112K
  class space    used 887K, committed 1024K, reserved 1048576K

Card table byte_map: [0x0000025169dd0000,0x000002516a1e0000] _byte_map_base: 0x00000251699d0000

Marking Bits: (ParMarkBitMap*) 0x00007ffe1303a340
 Begin Bits: [0x0000025100000000, 0x0000025102000000)
 End Bits:   [0x0000025102000000, 0x0000025104000000)

Polling page: 0x0000025168270000

Metaspace:

Usage:
  Non-class:      7.41 MB used.
      Class:    887.79 KB used.
       Both:      8.28 MB used.

Virtual space:
  Non-class space:       64.00 MB reserved,       7.56 MB ( 12%) committed,  1 nodes.
      Class space:        1.00 GB reserved,       1.00 MB ( <1%) committed,  1 nodes.
             Both:        1.06 GB reserved,       8.56 MB ( <1%) committed. 

Chunk freelists:
   Non-Class:  8.00 MB
       Class:  14.88 MB
        Both:  22.88 MB

MaxMetaspaceSize: unlimited
CompressedClassSpaceSize: 1.00 GB
Initial GC threshold: 21.00 MB
Current GC threshold: 21.00 MB
CDS: on
 - commit_granule_bytes: 65536.
 - commit_granule_words: 8192.
 - virtual_space_node_default_size: 8388608.
 - enlarge_chunks_in_place: 1.
 - use_allocation_guard: 0.


Internal statistics:

num_allocs_failed_limit: 0.
num_arena_births: 224.
num_arena_deaths: 0.
num_vsnodes_births: 2.
num_vsnodes_deaths: 0.
num_space_committed: 137.
num_space_uncommitted: 0.
num_chunks_returned_to_freelist: 0.
num_chunks_taken_from_freelist: 422.
num_chunk_merges: 0.
num_chunk_splits: 274.
num_chunks_enlarged: 190.
num_inconsistent_stats: 0.

CodeHeap 'non-profiled nmethods': size=120000Kb used=788Kb max_used=788Kb free=119211Kb
 bounds [0x00000251750f0000, 0x0000025175360000, 0x000002517c620000]
CodeHeap 'profiled nmethods': size=120000Kb used=3595Kb max_used=3595Kb free=116404Kb
 bounds [0x000002516d620000, 0x000002516d9b0000, 0x0000025174b50000]
CodeHeap 'non-nmethods': size=5760Kb used=1210Kb max_used=1235Kb free=4549Kb
 bounds [0x0000025174b50000, 0x0000025174dc0000, 0x00000251750f0000]
CodeCache: size=245760Kb, used=5593Kb, max_used=5618Kb, free=240164Kb
 total_blobs=2357, nmethods=1881, adapters=383, full_count=0
Compilation: enabled, stopped_count=0, restarted_count=0

Compilation events (20 events):
Event: 10.612 Thread 0x000002516a38e840 1872   !   3       org.eclipse.osgi.storage.bundlefile.MRUBundleFileList::use (55 bytes)
Event: 10.612 Thread 0x000002516a38e840 nmethod 1872 0x000002516d98ff10 code [0x000002516d9900e0, 0x000002516d9904d0]
Event: 10.612 Thread 0x000002516a38e840 1873   !   3       org.osgi.framework.VersionRange::<init> (352 bytes)
Event: 10.614 Thread 0x000002516a38e840 nmethod 1873 0x000002516d990690 code [0x000002516d990ca0, 0x000002516d993228]
Event: 10.614 Thread 0x000002516a38e840 1875       3       java.lang.AbstractStringBuilder::insert (54 bytes)
Event: 10.615 Thread 0x000002516a38e840 nmethod 1875 0x000002516d994710 code [0x000002516d994960, 0x000002516d995008]
Event: 10.615 Thread 0x000002516a38e840 1876       3       java.util.concurrent.locks.ReentrantReadWriteLock$Sync::tryAcquireShared (177 bytes)
Event: 10.616 Thread 0x000002516a38e840 nmethod 1876 0x000002516d995310 code [0x000002516d9955a0, 0x000002516d9963b8]
Event: 10.616 Thread 0x000002516a38e840 1877       3       java.util.concurrent.locks.ReentrantReadWriteLock$NonfairSync::readerShouldBlock (5 bytes)
Event: 10.616 Thread 0x000002516a38e840 nmethod 1877 0x000002516d996890 code [0x000002516d996a40, 0x000002516d996b78]
Event: 10.616 Thread 0x000002516a38e840 1878       3       java.util.concurrent.locks.AbstractQueuedSynchronizer::apparentlyFirstQueuedIsExclusive (38 bytes)
Event: 10.616 Thread 0x000002516a38e840 nmethod 1878 0x000002516d996c10 code [0x000002516d996dc0, 0x000002516d9970f8]
Event: 10.616 Thread 0x000002516a38e840 1874       3       java.lang.StringBuilder::insert (9 bytes)
Event: 10.616 Thread 0x000002516a38e840 nmethod 1874 0x000002516d997210 code [0x000002516d9973c0, 0x000002516d997510]
Event: 10.619 Thread 0x000002516a38e840 1879       3       java.nio.ByteBuffer::array (35 bytes)
Event: 10.619 Thread 0x000002516a38e840 nmethod 1879 0x000002516d997590 code [0x000002516d997760, 0x000002516d997a18]
Event: 10.619 Thread 0x000002516a38e840 1880       1       java.util.concurrent.locks.ReentrantReadWriteLock$NonfairSync::writerShouldBlock (2 bytes)
Event: 10.619 Thread 0x000002516a38e840 nmethod 1880 0x00000251751b4b90 code [0x00000251751b4d20, 0x00000251751b4de8]
Event: 10.622 Thread 0x000002516a38e840 1881       1       org.eclipse.osgi.internal.framework.EquinoxConfiguration::getHookRegistry (5 bytes)
Event: 10.622 Thread 0x000002516a38e840 nmethod 1881 0x00000251751b4e90 code [0x00000251751b5020, 0x00000251751b50e8]

GC Heap History (4 events):
Event: 1.860 GC heap before
{Heap before GC invocations=1 (full 0):
 PSYoungGen      total 29696K, used 25600K [0x00000000d5580000, 0x00000000d7680000, 0x0000000100000000)
  eden space 25600K, 100% used [0x00000000d5580000,0x00000000d6e80000,0x00000000d6e80000)
  from space 4096K, 0% used [0x00000000d7280000,0x00000000d7280000,0x00000000d7680000)
  to   space 4096K, 0% used [0x00000000d6e80000,0x00000000d6e80000,0x00000000d7280000)
 ParOldGen       total 68608K, used 0K [0x0000000080000000, 0x0000000084300000, 0x00000000d5580000)
  object space 68608K, 0% used [0x0000000080000000,0x0000000080000000,0x0000000084300000)
 Metaspace       used 4503K, committed 4736K, reserved 1114112K
  class space    used 492K, committed 576K, reserved 1048576K
}
Event: 1.876 GC heap after
{Heap after GC invocations=1 (full 0):
 PSYoungGen      total 29696K, used 3271K [0x00000000d5580000, 0x00000000d7680000, 0x0000000100000000)
  eden space 25600K, 0% used [0x00000000d5580000,0x00000000d5580000,0x00000000d6e80000)
  from space 4096K, 79% used [0x00000000d6e80000,0x00000000d71b1e98,0x00000000d7280000)
  to   space 4096K, 0% used [0x00000000d7280000,0x00000000d7280000,0x00000000d7680000)
 ParOldGen       total 68608K, used 0K [0x0000000080000000, 0x0000000084300000, 0x00000000d5580000)
  object space 68608K, 0% used [0x0000000080000000,0x0000000080000000,0x0000000084300000)
 Metaspace       used 4503K, committed 4736K, reserved 1114112K
  class space    used 492K, committed 576K, reserved 1048576K
}
Event: 10.393 GC heap before
{Heap before GC invocations=2 (full 0):
 PSYoungGen      total 29696K, used 28871K [0x00000000d5580000, 0x00000000d7680000, 0x0000000100000000)
  eden space 25600K, 100% used [0x00000000d5580000,0x00000000d6e80000,0x00000000d6e80000)
  from space 4096K, 79% used [0x00000000d6e80000,0x00000000d71b1e98,0x00000000d7280000)
  to   space 4096K, 0% used [0x00000000d7280000,0x00000000d7280000,0x00000000d7680000)
 ParOldGen       total 68608K, used 0K [0x0000000080000000, 0x0000000084300000, 0x00000000d5580000)
  object space 68608K, 0% used [0x0000000080000000,0x0000000080000000,0x0000000084300000)
 Metaspace       used 8378K, committed 8640K, reserved 1114112K
  class space    used 887K, committed 1024K, reserved 1048576K
}
Event: 10.398 GC heap after
{Heap after GC invocations=2 (full 0):
 PSYoungGen      total 29696K, used 4071K [0x00000000d5580000, 0x00000000d7680000, 0x0000000100000000)
  eden space 25600K, 0% used [0x00000000d5580000,0x00000000d5580000,0x00000000d6e80000)
  from space 4096K, 99% used [0x00000000d7280000,0x00000000d7679cf0,0x00000000d7680000)
  to   space 4096K, 0% used [0x00000000d6e80000,0x00000000d6e80000,0x00000000d7280000)
 ParOldGen       total 68608K, used 136K [0x0000000080000000, 0x0000000084300000, 0x00000000d5580000)
  object space 68608K, 0% used [0x0000000080000000,0x0000000080022000,0x0000000084300000)
 Metaspace       used 8378K, committed 8640K, reserved 1114112K
  class space    used 887K, committed 1024K, reserved 1048576K
}

Dll operation events (8 events):
Event: 0.021 Loaded shared library c:\Users\Johan\.vscode\extensions\redhat.java-1.47.0-win32-x64\jre\21.0.8-win32-x86_64\bin\java.dll
Event: 0.140 Loaded shared library c:\Users\Johan\.vscode\extensions\redhat.java-1.47.0-win32-x64\jre\21.0.8-win32-x86_64\bin\zip.dll
Event: 0.161 Loaded shared library C:\Users\Johan\.vscode\extensions\redhat.java-1.47.0-win32-x64\jre\21.0.8-win32-x86_64\bin\instrument.dll
Event: 0.166 Loaded shared library C:\Users\Johan\.vscode\extensions\redhat.java-1.47.0-win32-x64\jre\21.0.8-win32-x86_64\bin\net.dll
Event: 0.169 Loaded shared library C:\Users\Johan\.vscode\extensions\redhat.java-1.47.0-win32-x64\jre\21.0.8-win32-x86_64\bin\nio.dll
Event: 0.173 Loaded shared library C:\Users\Johan\.vscode\extensions\redhat.java-1.47.0-win32-x64\jre\21.0.8-win32-x86_64\bin\zip.dll
Event: 0.243 Loaded shared library C:\Users\Johan\.vscode\extensions\redhat.java-1.47.0-win32-x64\jre\21.0.8-win32-x86_64\bin\jimage.dll
Event: 0.358 Loaded shared library c:\Users\Johan\.vscode\extensions\redhat.java-1.47.0-win32-x64\jre\21.0.8-win32-x86_64\bin\verify.dll

Deoptimization events (20 events):
Event: 2.631 Thread 0x000002516a42ca60 DEOPT PACKING pc=0x0000025175126744 sp=0x000000c9db5fe900
Event: 2.631 Thread 0x000002516a42ca60 DEOPT UNPACKING pc=0x0000025174ba3aa2 sp=0x000000c9db5fe898 mode 2
Event: 3.212 Thread 0x000002516a42ca60 Uncommon trap: trap_request=0xffffffde fr.pc=0x00000251751600a4 relative=0x0000000000000944
Event: 3.212 Thread 0x000002516a42ca60 Uncommon trap: reason=class_check action=maybe_recompile pc=0x00000251751600a4 method=java.util.HashMap.putVal(ILjava/lang/Object;Ljava/lang/Object;ZZ)Ljava/lang/Object; @ 253 c2
Event: 3.212 Thread 0x000002516a42ca60 DEOPT PACKING pc=0x00000251751600a4 sp=0x000000c9db5fe550
Event: 3.212 Thread 0x000002516a42ca60 DEOPT UNPACKING pc=0x0000025174ba3aa2 sp=0x000000c9db5fe4e0 mode 2
Event: 3.283 Thread 0x000002516a42ca60 Uncommon trap: trap_request=0xffffffde fr.pc=0x00000251751600a4 relative=0x0000000000000944
Event: 3.283 Thread 0x000002516a42ca60 Uncommon trap: reason=class_check action=maybe_recompile pc=0x00000251751600a4 method=java.util.HashMap.putVal(ILjava/lang/Object;Ljava/lang/Object;ZZ)Ljava/lang/Object; @ 253 c2
Event: 3.283 Thread 0x000002516a42ca60 DEOPT PACKING pc=0x00000251751600a4 sp=0x000000c9db5fe550
Event: 3.283 Thread 0x000002516a42ca60 DEOPT UNPACKING pc=0x0000025174ba3aa2 sp=0x000000c9db5fe4e0 mode 2
Event: 5.129 Thread 0x000002516a42ca60 DEOPT PACKING pc=0x000002516d7cfa43 sp=0x000000c9db5fe7c0
Event: 5.129 Thread 0x000002516a42ca60 DEOPT UNPACKING pc=0x0000025174ba4242 sp=0x000000c9db5fdc38 mode 0
Event: 10.364 Thread 0x000002516a42ca60 Uncommon trap: trap_request=0xffffff45 fr.pc=0x0000025175173cb4 relative=0x0000000000000094
Event: 10.364 Thread 0x000002516a42ca60 Uncommon trap: reason=unstable_if action=reinterpret pc=0x0000025175173cb4 method=java.io.BufferedInputStream.getBufIfOpen(Z)[B @ 13 c2
Event: 10.365 Thread 0x000002516a42ca60 DEOPT PACKING pc=0x0000025175173cb4 sp=0x000000c9db5fe960
Event: 10.365 Thread 0x000002516a42ca60 DEOPT UNPACKING pc=0x0000025174ba3aa2 sp=0x000000c9db5fe8e0 mode 2
Event: 10.591 Thread 0x000002516a42ca60 DEOPT PACKING pc=0x000002516d957575 sp=0x000000c9db5fe9d0
Event: 10.591 Thread 0x000002516a42ca60 DEOPT UNPACKING pc=0x0000025174ba4242 sp=0x000000c9db5fdeb0 mode 0
Event: 10.611 Thread 0x000002516a42ca60 DEOPT PACKING pc=0x000002516d957575 sp=0x000000c9db5fe9d0
Event: 10.611 Thread 0x000002516a42ca60 DEOPT UNPACKING pc=0x0000025174ba4242 sp=0x000000c9db5fdeb0 mode 0

Classes loaded (20 events):
Event: 3.304 Loading class java/net/ContentHandler
Event: 3.304 Loading class java/net/ContentHandler done
Event: 3.309 Loading class java/net/UrlDeserializedState
Event: 3.309 Loading class java/net/UrlDeserializedState done
Event: 3.309 Loading class java/lang/reflect/InaccessibleObjectException
Event: 3.309 Loading class java/lang/reflect/InaccessibleObjectException done
Event: 3.313 Loading class java/lang/StackWalker$Option
Event: 3.313 Loading class java/lang/StackWalker$Option done
Event: 3.367 Loading class javax/xml/parsers/ParserConfigurationException
Event: 3.367 Loading class javax/xml/parsers/ParserConfigurationException done
Event: 3.370 Loading class java/security/KeyStoreException
Event: 3.370 Loading class java/security/KeyStoreException done
Event: 3.375 Loading class java/lang/Thread$Builder$OfPlatform
Event: 3.375 Loading class java/lang/Thread$Builder
Event: 3.375 Loading class java/lang/Thread$Builder done
Event: 3.375 Loading class java/lang/Thread$Builder$OfPlatform done
Event: 3.375 Loading class java/lang/Thread$Builder$OfVirtual
Event: 3.375 Loading class java/lang/Thread$Builder$OfVirtual done
Event: 10.370 Loading class java/util/MissingResourceException
Event: 10.370 Loading class java/util/MissingResourceException done

Classes unloaded (0 events):
No events

Classes redefined (0 events):
No events

Internal exceptions (20 events):
Event: 1.728 Thread 0x000002516a42ca60 Exception <a 'java/lang/NoSuchMethodError'{0x00000000d6a981a0}: 'java.lang.ClassLoader java.lang.ClassLoader.getPlatformClassLoader(java.lang.Class)'> (0x00000000d6a981a0) 
thrown [s\src\hotspot\share\interpreter\linkResolver.cpp, line 773]
Event: 1.883 Thread 0x000002516a42ca60 Exception <a 'java/lang/ClassNotFoundException'{0x00000000d55b80b0}: sun/net/www/protocol/c/Handler> (0x00000000d55b80b0) 
thrown [s\src\hotspot\share\classfile\systemDictionary.cpp, line 312]
Event: 1.883 Thread 0x000002516a42ca60 Exception <a 'java/lang/ClassNotFoundException'{0x00000000d55b9410}: sun/net/www/protocol/c/Handler> (0x00000000d55b9410) 
thrown [s\src\hotspot\share\classfile\systemDictionary.cpp, line 312]
Event: 1.883 Thread 0x000002516a42ca60 Exception <a 'java/lang/ClassNotFoundException'{0x00000000d55ba5a0}: sun/net/www/protocol/c/Handler> (0x00000000d55ba5a0) 
thrown [s\src\hotspot\share\classfile\systemDictionary.cpp, line 312]
Event: 1.892 Thread 0x000002516a42ca60 Exception <a 'java/io/FileNotFoundException'{0x00000000d55e2c80}> (0x00000000d55e2c80) 
thrown [s\src\hotspot\share\prims\jni.cpp, line 520]
Event: 2.064 Thread 0x000002516a42ca60 Implicit null exception at 0x000002517514f0c9 to 0x000002517514fa38
Event: 2.065 Thread 0x000002516a42ca60 Implicit null exception at 0x000002517515f01a to 0x000002517515f220
Event: 2.066 Thread 0x000002516a42ca60 Exception <a 'java/lang/NoSuchMethodError'{0x00000000d57940e8}: 'void java.lang.invoke.DirectMethodHandle$Holder.invokeStatic(java.lang.Object, java.lang.Object, java.lang.Object, java.lang.Object)'> (0x00000000d57940e8) 
thrown [s\src\hotspot\share\interpreter\linkResolver.cpp, line 773]
Event: 2.085 Thread 0x000002516a42ca60 Implicit null exception at 0x000002517515841a to 0x0000025175158624
Event: 2.085 Thread 0x000002516a42ca60 Implicit null exception at 0x00000251751524bd to 0x0000025175152541
Event: 2.382 Thread 0x000002516a42ca60 Exception <a 'java/lang/NoSuchMethodError'{0x00000000d5b92460}: 'int java.lang.invoke.DirectMethodHandle$Holder.invokeVirtual(java.lang.Object, java.lang.Object)'> (0x00000000d5b92460) 
thrown [s\src\hotspot\share\interpreter\linkResolver.cpp, line 773]
Event: 2.802 Thread 0x000002516a42ca60 Exception <a 'java/lang/IncompatibleClassChangeError'{0x00000000d655aba8}: Found class java.lang.Object, but interface was expected> (0x00000000d655aba8) 
thrown [s\src\hotspot\share\interpreter\linkResolver.cpp, line 840]
Event: 2.804 Thread 0x000002516a42ca60 Exception <a 'java/lang/NoSuchMethodError'{0x00000000d65636c8}: 'void java.lang.invoke.DirectMethodHandle$Holder.invokeInterface(java.lang.Object, java.lang.Object, java.lang.Object)'> (0x00000000d65636c8) 
thrown [s\src\hotspot\share\interpreter\linkResolver.cpp, line 773]
Event: 2.992 Thread 0x000002516a42ca60 Exception <a 'java/lang/NoSuchMethodError'{0x00000000d677f628}: 'int java.lang.invoke.DirectMethodHandle$Holder.invokeStaticInit(java.lang.Object, java.lang.Object, java.lang.Object, java.lang.Object)'> (0x00000000d677f628) 
thrown [s\src\hotspot\share\interpreter\linkResolver.cpp, line 773]
Event: 2.995 Thread 0x000002516a42ca60 Exception <a 'java/lang/NoSuchMethodError'{0x00000000d6789cb8}: 'void java.lang.invoke.DirectMethodHandle$Holder.invokeStaticInit(java.lang.Object, java.lang.Object)'> (0x00000000d6789cb8) 
thrown [s\src\hotspot\share\interpreter\linkResolver.cpp, line 773]
Event: 2.997 Thread 0x000002516a42ca60 Exception <a 'java/lang/NoSuchMethodError'{0x00000000d678f420}: 'int java.lang.invoke.DirectMethodHandle$Holder.invokeStaticInit(java.lang.Object, java.lang.Object)'> (0x00000000d678f420) 
thrown [s\src\hotspot\share\interpreter\linkResolver.cpp, line 773]
Event: 3.197 Thread 0x000002516a42ca60 Exception <a 'java/lang/NoSuchMethodError'{0x00000000d6977a98}: 'java.lang.Object java.lang.invoke.DirectMethodHandle$Holder.newInvokeSpecial(java.lang.Object, int, java.lang.Object)'> (0x00000000d6977a98) 
thrown [s\src\hotspot\share\interpreter\linkResolver.cpp, line 773]
Event: 3.316 Thread 0x000002516a42ca60 Exception <a 'java/lang/ClassNotFoundException'{0x00000000d6af3bc8}: sun/net/www/protocol/plurl/Handler> (0x00000000d6af3bc8) 
thrown [s\src\hotspot\share\classfile\systemDictionary.cpp, line 312]
Event: 3.316 Thread 0x000002516a42ca60 Exception <a 'java/lang/ClassNotFoundException'{0x00000000d6af4a48}: sun/net/www/protocol/plurl/Handler> (0x00000000d6af4a48) 
thrown [s\src\hotspot\share\classfile\systemDictionary.cpp, line 312]
Event: 3.325 Thread 0x000002516a42ca60 Exception <a 'java/lang/NoSuchMethodError'{0x00000000d6b349f0}: 'void java.lang.invoke.DirectMethodHandle$Holder.invokeSpecial(java.lang.Object, java.lang.Object, java.lang.Object)'> (0x00000000d6b349f0) 
thrown [s\src\hotspot\share\interpreter\linkResolver.cpp, line 773]

ZGC Phase Switch (0 events):
No events

VM Operations (20 events):
Event: 1.197 Executing VM operation: Cleanup
Event: 1.197 Executing VM operation: Cleanup done
Event: 1.291 Executing VM operation: HandshakeAllThreads (Deoptimize)
Event: 1.291 Executing VM operation: HandshakeAllThreads (Deoptimize) done
Event: 1.850 Executing VM operation: HandshakeAllThreads (Deoptimize)
Event: 1.850 Executing VM operation: HandshakeAllThreads (Deoptimize) done
Event: 1.860 Executing VM operation: ParallelGCFailedAllocation (Allocation Failure)
Event: 1.876 Executing VM operation: ParallelGCFailedAllocation (Allocation Failure) done
Event: 2.882 Executing VM operation: Cleanup
Event: 2.976 Executing VM operation: Cleanup done
Event: 3.130 Executing VM operation: HandshakeAllThreads (Deoptimize)
Event: 3.149 Executing VM operation: HandshakeAllThreads (Deoptimize) done
Event: 3.310 Executing VM operation: HandshakeAllThreads (Deoptimize)
Event: 3.310 Executing VM operation: HandshakeAllThreads (Deoptimize) done
Event: 4.308 Executing VM operation: Cleanup
Event: 4.308 Executing VM operation: Cleanup done
Event: 10.372 Executing VM operation: Cleanup
Event: 10.375 Executing VM operation: Cleanup done
Event: 10.393 Executing VM operation: ParallelGCFailedAllocation (Allocation Failure)
Event: 10.398 Executing VM operation: ParallelGCFailedAllocation (Allocation Failure) done

Memory protections (0 events):
No events

Nmethod flushes (0 events):
No events

Events (18 events):
Event: 0.042 Thread 0x000002516a42ca60 Thread added: 0x000002516a42ca60
Event: 0.071 Thread 0x000002516a42ca60 Thread added: 0x000002516a319060
Event: 0.073 Thread 0x000002516a42ca60 Thread added: 0x000002516a31aa90
Event: 0.073 Thread 0x000002516a42ca60 Thread added: 0x000002516a31ec10
Event: 0.073 Thread 0x000002516a42ca60 Thread added: 0x000002516a320870
Event: 0.073 Thread 0x000002516a42ca60 Thread added: 0x000002516a321eb0
Event: 0.074 Thread 0x000002516a42ca60 Thread added: 0x000002516a323620
Event: 0.074 Thread 0x000002516a42ca60 Thread added: 0x000002516a32c1a0
Event: 0.078 Thread 0x000002516a42ca60 Thread added: 0x000002516a38e840
Event: 0.120 Thread 0x000002516a42ca60 Thread added: 0x000002517d9d3c60
Event: 0.635 Thread 0x000002516a42ca60 Thread added: 0x000002517d9d2220
Event: 2.734 Thread 0x000002516a42ca60 Thread added: 0x000002517d9d2f40
Event: 2.738 Thread 0x000002517d9d2f40 Thread added: 0x000002517d9d42f0
Event: 2.748 Thread 0x000002516a42ca60 Thread added: 0x000002517d9d4980
Event: 2.754 Thread 0x000002516a42ca60 Thread added: 0x000002517d9d1500
Event: 3.096 Thread 0x000002516a42ca60 Thread added: 0x000002517d9d28b0
Event: 10.369 Thread 0x000002516a42ca60 Thread added: 0x000002517d9d35d0
Event: 10.371 Thread 0x000002516a42ca60 Thread added: 0x000002517d9d1b90


Dynamic libraries:
0x00007ff6155d0000 - 0x00007ff6155de000 	c:\Users\Johan\.vscode\extensions\redhat.java-1.47.0-win32-x64\jre\21.0.8-win32-x86_64\bin\java.exe
0x00007ffe8c3f0000 - 0x00007ffe8c607000 	C:\WINDOWS\SYSTEM32\ntdll.dll
0x00007ffe8a720000 - 0x00007ffe8a7e4000 	C:\WINDOWS\System32\KERNEL32.DLL
0x00007ffe898a0000 - 0x00007ffe89c72000 	C:\WINDOWS\System32\KERNELBASE.dll
0x00007ffe89650000 - 0x00007ffe89761000 	C:\WINDOWS\System32\ucrtbase.dll
0x00007ffe711d0000 - 0x00007ffe711e8000 	c:\Users\Johan\.vscode\extensions\redhat.java-1.47.0-win32-x64\jre\21.0.8-win32-x86_64\bin\jli.dll
0x00007ffe8b5f0000 - 0x00007ffe8b7a1000 	C:\WINDOWS\System32\USER32.dll
0x00007ffe89c80000 - 0x00007ffe89ca6000 	C:\WINDOWS\System32\win32u.dll
0x00007ffe8c210000 - 0x00007ffe8c239000 	C:\WINDOWS\System32\GDI32.dll
0x00007ffe89f50000 - 0x00007ffe8a073000 	C:\WINDOWS\System32\gdi32full.dll
0x00007ffe89df0000 - 0x00007ffe89e8a000 	C:\WINDOWS\System32\msvcp_win.dll
0x00007ffe71190000 - 0x00007ffe711ae000 	c:\Users\Johan\.vscode\extensions\redhat.java-1.47.0-win32-x64\jre\21.0.8-win32-x86_64\bin\VCRUNTIME140.dll
0x00007ffe75ac0000 - 0x00007ffe75d5b000 	C:\WINDOWS\WinSxS\amd64_microsoft.windows.common-controls_6595b64144ccf1df_6.0.22621.5697_none_27154c497380d676\COMCTL32.dll
0x00007ffe8b130000 - 0x00007ffe8b1d7000 	C:\WINDOWS\System32\msvcrt.dll
0x00007ffe8b7b0000 - 0x00007ffe8b7e1000 	C:\WINDOWS\System32\IMM32.DLL
0x00007ffe711c0000 - 0x00007ffe711cc000 	c:\Users\Johan\.vscode\extensions\redhat.java-1.47.0-win32-x64\jre\21.0.8-win32-x86_64\bin\vcruntime140_1.dll
0x00007ffe4e180000 - 0x00007ffe4e20d000 	c:\Users\Johan\.vscode\extensions\redhat.java-1.47.0-win32-x64\jre\21.0.8-win32-x86_64\bin\msvcp140.dll
0x00007ffe12380000 - 0x00007ffe13117000 	c:\Users\Johan\.vscode\extensions\redhat.java-1.47.0-win32-x64\jre\21.0.8-win32-x86_64\bin\server\jvm.dll
0x00007ffe8a250000 - 0x00007ffe8a301000 	C:\WINDOWS\System32\ADVAPI32.dll
0x00007ffe8bd80000 - 0x00007ffe8be28000 	C:\WINDOWS\System32\sechost.dll
0x00007ffe897f0000 - 0x00007ffe89818000 	C:\WINDOWS\System32\bcrypt.dll
0x00007ffe8c0f0000 - 0x00007ffe8c207000 	C:\WINDOWS\System32\RPCRT4.dll
0x00007ffe8b0b0000 - 0x00007ffe8b121000 	C:\WINDOWS\System32\WS2_32.dll
0x00007ffe893b0000 - 0x00007ffe893fd000 	C:\WINDOWS\SYSTEM32\POWRPROF.dll
0x00007ffe86250000 - 0x00007ffe86284000 	C:\WINDOWS\SYSTEM32\WINMM.dll
0x00007ffe7f6e0000 - 0x00007ffe7f6ea000 	C:\WINDOWS\SYSTEM32\VERSION.dll
0x00007ffe89390000 - 0x00007ffe893a3000 	C:\WINDOWS\SYSTEM32\UMPDC.dll
0x00007ffe88480000 - 0x00007ffe88498000 	C:\WINDOWS\SYSTEM32\kernel.appcore.dll
0x00007ffe71180000 - 0x00007ffe7118a000 	c:\Users\Johan\.vscode\extensions\redhat.java-1.47.0-win32-x64\jre\21.0.8-win32-x86_64\bin\jimage.dll
0x00007ffe86fa0000 - 0x00007ffe871d3000 	C:\WINDOWS\SYSTEM32\DBGHELP.DLL
0x00007ffe8b1e0000 - 0x00007ffe8b572000 	C:\WINDOWS\System32\combase.dll
0x00007ffe8a4e0000 - 0x00007ffe8a5b8000 	C:\WINDOWS\System32\OLEAUT32.dll
0x00007ffe861f0000 - 0x00007ffe86222000 	C:\WINDOWS\SYSTEM32\dbgcore.DLL
0x00007ffe89770000 - 0x00007ffe897eb000 	C:\WINDOWS\System32\bcryptPrimitives.dll
0x00007ffe71150000 - 0x00007ffe7115f000 	c:\Users\Johan\.vscode\extensions\redhat.java-1.47.0-win32-x64\jre\21.0.8-win32-x86_64\bin\instrument.dll
0x00007ffe71160000 - 0x00007ffe7117f000 	c:\Users\Johan\.vscode\extensions\redhat.java-1.47.0-win32-x64\jre\21.0.8-win32-x86_64\bin\java.dll
0x00007ffe8a800000 - 0x00007ffe8b0a1000 	C:\WINDOWS\System32\SHELL32.dll
0x00007ffe89cb0000 - 0x00007ffe89def000 	C:\WINDOWS\System32\wintypes.dll
0x00007ffe87370000 - 0x00007ffe87c8a000 	C:\WINDOWS\SYSTEM32\windows.storage.dll
0x00007ffe8c2a0000 - 0x00007ffe8c3ab000 	C:\WINDOWS\System32\SHCORE.dll
0x00007ffe8c080000 - 0x00007ffe8c0e9000 	C:\WINDOWS\System32\shlwapi.dll
0x00007ffe89410000 - 0x00007ffe8943b000 	C:\WINDOWS\SYSTEM32\profapi.dll
0x00007ffe71130000 - 0x00007ffe71148000 	c:\Users\Johan\.vscode\extensions\redhat.java-1.47.0-win32-x64\jre\21.0.8-win32-x86_64\bin\zip.dll
0x00007ffe71120000 - 0x00007ffe71130000 	C:\Users\Johan\.vscode\extensions\redhat.java-1.47.0-win32-x64\jre\21.0.8-win32-x86_64\bin\net.dll
0x00007ffe82b10000 - 0x00007ffe82c3c000 	C:\WINDOWS\SYSTEM32\WINHTTP.dll
0x00007ffe88940000 - 0x00007ffe889a9000 	C:\WINDOWS\system32\mswsock.dll
0x00007ffe5a0b0000 - 0x00007ffe5a0c6000 	C:\Users\Johan\.vscode\extensions\redhat.java-1.47.0-win32-x64\jre\21.0.8-win32-x86_64\bin\nio.dll
0x00007ffe71110000 - 0x00007ffe71120000 	c:\Users\Johan\.vscode\extensions\redhat.java-1.47.0-win32-x64\jre\21.0.8-win32-x86_64\bin\verify.dll

JVMTI agents:
c:\Users\Johan\.vscode\extensions\redhat.java-1.47.0-win32-x64\lombok\lombok-1.18.39-4050.jar path:c:\Users\Johan\.vscode\extensions\redhat.java-1.47.0-win32-x64\jre\21.0.8-win32-x86_64\bin\instrument.dll, loaded, initialized, instrumentlib options:none

dbghelp: loaded successfully - version: 4.0.5 - missing functions: none
symbol engine: initialized successfully - sym options: 0x614 - pdb path: .;c:\Users\Johan\.vscode\extensions\redhat.java-1.47.0-win32-x64\jre\21.0.8-win32-x86_64\bin;C:\WINDOWS\SYSTEM32;C:\WINDOWS\WinSxS\amd64_microsoft.windows.common-controls_6595b64144ccf1df_6.0.22621.5697_none_27154c497380d676;c:\Users\Johan\.vscode\extensions\redhat.java-1.47.0-win32-x64\jre\21.0.8-win32-x86_64\bin\server

VM Arguments:
jvm_args: --add-modules=ALL-SYSTEM --add-opens=java.base/java.util=ALL-UNNAMED --add-opens=java.base/java.lang=ALL-UNNAMED --add-opens=java.base/sun.nio.fs=ALL-UNNAMED -Declipse.application=org.eclipse.jdt.ls.core.id1 -Dosgi.bundles.defaultStartLevel=4 -Declipse.product=org.eclipse.jdt.ls.core.product -Djava.import.generatesMetadataFilesAtProjectRoot=false -DDetectVMInstallationsJob.disabled=true -Dfile.encoding=utf8 -XX:+UseParallelGC -XX:GCTimeRatio=4 -XX:AdaptiveSizePolicyWeight=90 -Dsun.zip.disableMemoryMapping=true -Xmx2G -Xms100m -Xlog:disable -javaagent:c:\Users\Johan\.vscode\extensions\redhat.java-1.47.0-win32-x64\lombok\lombok-1.18.39-4050.jar -XX:+HeapDumpOnOutOfMemoryError -XX:HeapDumpPath=c:\Users\Johan\AppData\Roaming\Code\User\workspaceStorage\824e8af3fc6f9d32fa1fbbc3f1f53090\redhat.java -Daether.dependencyCollector.impl=bf 
java_command: c:\Users\Johan\.vscode\extensions\redhat.java-1.47.0-win32-x64\server\plugins\org.eclipse.equinox.launcher_1.7.100.v20251014-1222.jar -configuration c:\Users\Johan\AppData\Roaming\Code\User\globalStorage\redhat.java\1.47.0\config_win -data c:\Users\Johan\AppData\Roaming\Code\User\workspaceStorage\824e8af3fc6f9d32fa1fbbc3f1f53090\redhat.java\jdt_ws --pipe=\\.\pipe\lsp-04bf1c3637224cbac1956035b1c5a53f-sock
java_class_path (initial): c:\Users\Johan\.vscode\extensions\redhat.java-1.47.0-win32-x64\server\plugins\org.eclipse.equinox.launcher_1.7.100.v20251014-1222.jar
Launcher Type: SUN_STANDARD

[Global flags]
    uintx AdaptiveSizePolicyWeight                 = 90                                        {product} {command line}
     intx CICompilerCount                          = 3                                         {product} {ergonomic}
    uintx GCTimeRatio                              = 4                                         {product} {command line}
     bool HeapDumpOnOutOfMemoryError               = true                                   {manageable} {command line}
    ccstr HeapDumpPath                             = c:\Users\Johan\AppData\Roaming\Code\User\workspaceStorage\824e8af3fc6f9d32fa1fbbc3f1f53090\redhat.java         {manageable} {command line}
   size_t InitialHeapSize                          = 104857600                                 {product} {command line}
   size_t MaxHeapSize                              = 2147483648                                {product} {command line}
   size_t MaxNewSize                               = 715653120                                 {product} {ergonomic}
   size_t MinHeapDeltaBytes                        = 524288                                    {product} {ergonomic}
   size_t MinHeapSize                              = 104857600                                 {product} {command line}
   size_t NewSize                                  = 34603008                                  {product} {ergonomic}
    uintx NonNMethodCodeHeapSize                   = 5832780                                {pd product} {ergonomic}
    uintx NonProfiledCodeHeapSize                  = 122912730                              {pd product} {ergonomic}
   size_t OldSize                                  = 70254592                                  {product} {ergonomic}
    uintx ProfiledCodeHeapSize                     = 122912730                              {pd product} {ergonomic}
    uintx ReservedCodeCacheSize                    = 251658240                              {pd product} {ergonomic}
     bool SegmentedCodeCache                       = true                                      {product} {ergonomic}
   size_t SoftMaxHeapSize                          = 2147483648                             {manageable} {ergonomic}
     bool UseCompressedOops                        = true                           {product lp64_product} {ergonomic}
     bool UseLargePagesIndividualAllocation        = false                                  {pd product} {ergonomic}
     bool UseParallelGC                            = true                                      {product} {command line}

Logging:
Log output configuration:
 #0: stdout all=off uptime,level,tags foldmultilines=false
 #1: stderr all=off uptime,level,tags foldmultilines=false

Environment Variables:
PATH=C:\Program Files (x86)\Common Files\Oracle\Java\javapath;C:\Program Files\AdoptOpenJDK\jdk-11.0.8.10-hotspot\bin;C:\WINDOWS\system32;C:\WINDOWS;C:\WINDOWS\System32\Wbem;C:\WINDOWS\System32\WindowsPowerShell\v1.0\;C:\WINDOWS\System32\OpenSSH\;C:\Program Files (x86)\scala\bin;C:\Program Files\Git\cmd;C:\Program Files (x86)\sbt\bin;C:\Program Files\nodejs\;C:\Program Files\dotnet\;C:\Users\Johan\AppData\Local\Microsoft\WindowsApps;C:\Users\Johan\AppData\Local\Programs\Microsoft VS Code\bin;C:\Users\Johan\AppData\Roaming\npm;C:\Users\Johan\.dotnet\tools
USERNAME=Johan
OS=Windows_NT
PROCESSOR_IDENTIFIER=AMD64 Family 23 Model 96 Stepping 1, AuthenticAMD
TMP=C:\Users\Johan\AppData\Local\Temp
TEMP=C:\Users\Johan\AppData\Local\Temp




Periodic native trim disabled

---------------  S Y S T E M  ---------------

OS:
 Windows 11 , 64 bit Build 22621 (10.0.22621.5415)
OS uptime: 2 days 23:03 hours
Hyper-V role detected

CPU: total 4 (initial active 4) (4 cores per cpu, 1 threads per core) family 23 model 96 stepping 1 microcode 0x0, cx8, cmov, fxsr, mmx, 3dnowpref, sse, sse2, sse3, ssse3, sse4a, sse4.1, sse4.2, popcnt, lzcnt, tsc, tscinvbit, avx, avx2, aes, clmul, bmi1, bmi2, adx, sha, fma, vzeroupper, clflush, clflushopt, hv, rdtscp, rdpid, f16c
Processor Information for the first 4 processors :
  Max Mhz: 2700, Current Mhz: 2700, Mhz Limit: 2700

Memory: 4k page, system-wide physical 3454M (70M free)
TotalPageFile size 11454M (AvailPageFile size 4M)
current process WorkingSet (physical memory assigned to process): 95M, peak: 95M
current process commit charge ("private bytes"): 231M, peak: 232M

vm_info: OpenJDK 64-Bit Server VM (21.0.8+9-LTS) for windows-amd64 JRE (21.0.8+9-LTS), built on 2025-07-15T00:00:00Z by "admin" with MS VC++ 17.7 (VS2022)

END.
