#
# There is insufficient memory for the Java Runtime Environment to continue.
# Native memory allocation (malloc) failed to allocate 825136 bytes. Error detail: Chunk::new
# Possible reasons:
#   The system is out of physical RAM or swap space
#   This process is running with CompressedOops enabled, and the Java Heap may be blocking the growth of the native heap
# Possible solutions:
#   Reduce memory load on the system
#   Increase physical memory or swap space
#   Check if swap backing store is full
#   Decrease Java heap size (-Xmx/-Xms)
#   Decrease number of Java threads
#   Decrease Java thread stack sizes (-Xss)
#   Set larger code cache with -XX:ReservedCodeCacheSize=
#   JVM is running with Unscaled Compressed Oops mode in which the Java heap is
#     placed in the first 4GB address space. The Java Heap base address is the
#     maximum limit for the native heap growth. Please use -XX:HeapBaseMinAddress
#     to set the Java Heap base and to place the Java Heap above 4GB virtual address.
# This output file may be truncated or incomplete.
#
#  Out of Memory Error (arena.cpp:168), pid=8560, tid=20688
#
# JRE version: OpenJDK Runtime Environment Temurin-21.0.8+9 (21.0.8+9) (build 21.0.8+9-LTS)
# Java VM: OpenJDK 64-Bit Server VM Temurin-21.0.8+9 (21.0.8+9-LTS, mixed mode, sharing, tiered, compressed oops, compressed class ptrs, parallel gc, windows-amd64)
# No core dump will be written. Minidumps are not enabled by default on client versions of Windows
#

---------------  S U M M A R Y ------------

Command Line: --add-modules=ALL-SYSTEM --add-opens=java.base/java.util=ALL-UNNAMED --add-opens=java.base/java.lang=ALL-UNNAMED --add-opens=java.base/sun.nio.fs=ALL-UNNAMED -Declipse.application=org.eclipse.jdt.ls.core.id1 -Dosgi.bundles.defaultStartLevel=4 -Declipse.product=org.eclipse.jdt.ls.core.product -Djava.import.generatesMetadataFilesAtProjectRoot=false -DDetectVMInstallationsJob.disabled=true -Dfile.encoding=utf8 -XX:+UseParallelGC -XX:GCTimeRatio=4 -XX:AdaptiveSizePolicyWeight=90 -Dsun.zip.disableMemoryMapping=true -Xmx2G -Xms100m -Xlog:disable -javaagent:c:\Users\Johan\.vscode\extensions\redhat.java-1.47.0-win32-x64\lombok\lombok-1.18.39-4050.jar -XX:+HeapDumpOnOutOfMemoryError -XX:HeapDumpPath=c:\Users\Johan\AppData\Roaming\Code\User\workspaceStorage\824e8af3fc6f9d32fa1fbbc3f1f53090\redhat.java -Daether.dependencyCollector.impl=bf c:\Users\Johan\.vscode\extensions\redhat.java-1.47.0-win32-x64\server\plugins\org.eclipse.equinox.launcher_1.7.100.v20251014-1222.jar -configuration c:\Users\Johan\AppData\Roaming\Code\User\globalStorage\redhat.java\1.47.0\config_win -data c:\Users\Johan\AppData\Roaming\Code\User\workspaceStorage\824e8af3fc6f9d32fa1fbbc3f1f53090\redhat.java\jdt_ws --pipe=\\.\pipe\lsp-dffd12a5e7131168f80ce2ada2f64023-sock

Host: AMD Ryzen 3 4300U with Radeon Graphics         , 4 cores, 3G,  Windows 11 , 64 bit Build 22621 (10.0.22621.5415)
Time: Mon Nov  3 14:35:22 2025 Västeuropa, normaltid elapsed time: 3.181745 seconds (0d 0h 0m 3s)

---------------  T H R E A D  ---------------

Current thread (0x00000172c3c25d20):  JavaThread "C2 CompilerThread0" daemon [_thread_in_native, id=20688, stack(0x0000003e49c00000,0x0000003e49d00000) (1024K)]


Current CompileTask:
C2:3181 2351       4       org.apache.felix.resolver.PackageSpaces::mergeUses (494 bytes)

Stack: [0x0000003e49c00000,0x0000003e49d00000]
Native frames: (J=compiled Java code, j=interpreted, Vv=VM code, C=native code)
V  [jvm.dll+0x6d2449]
V  [jvm.dll+0x8ae341]
V  [jvm.dll+0x8b08be]
V  [jvm.dll+0x8b0fa3]
V  [jvm.dll+0x280c96]
V  [jvm.dll+0xc581d]
V  [jvm.dll+0xc5d53]
V  [jvm.dll+0x3b9162]
V  [jvm.dll+0x385315]
V  [jvm.dll+0x38477a]
V  [jvm.dll+0x248ed0]
V  [jvm.dll+0x2484af]
V  [jvm.dll+0x1c89ee]
V  [jvm.dll+0x257d4d]
V  [jvm.dll+0x2562ea]
V  [jvm.dll+0x3f2d16]
V  [jvm.dll+0x857e6b]
V  [jvm.dll+0x6d0b0d]
C  [ucrtbase.dll+0x29333]
C  [KERNEL32.DLL+0x1259d]
C  [ntdll.dll+0x5af78]


---------------  P R O C E S S  ---------------

Threads class SMR info:
_java_thread_list=0x000001730a6251d0, length=19, elements={
0x00000172ad23cbd0, 0x00000172c3c17fe0, 0x00000172c3c198e0, 0x00000172c3c1f1b0,
0x00000172c3c200c0, 0x00000172c3c22290, 0x00000172c3c22ee0, 0x00000172c3c25d20,
0x00000172c3c56490, 0x00000173059cf480, 0x0000017305c2fff0, 0x000001730a55f140,
0x000001730a54be60, 0x000001730a54c4c0, 0x000001730a574580, 0x000001730a631710,
0x000001730a711ec0, 0x000001730a62d930, 0x000001730a359a80
}

Java Threads: ( => current thread )
  0x00000172ad23cbd0 JavaThread "main"                              [_thread_blocked, id=18940, stack(0x0000003e49100000,0x0000003e49200000) (1024K)]
  0x00000172c3c17fe0 JavaThread "Reference Handler"          daemon [_thread_blocked, id=18520, stack(0x0000003e49600000,0x0000003e49700000) (1024K)]
  0x00000172c3c198e0 JavaThread "Finalizer"                  daemon [_thread_blocked, id=12012, stack(0x0000003e49700000,0x0000003e49800000) (1024K)]
  0x00000172c3c1f1b0 JavaThread "Signal Dispatcher"          daemon [_thread_blocked, id=13568, stack(0x0000003e49800000,0x0000003e49900000) (1024K)]
  0x00000172c3c200c0 JavaThread "Attach Listener"            daemon [_thread_blocked, id=2744, stack(0x0000003e49900000,0x0000003e49a00000) (1024K)]
  0x00000172c3c22290 JavaThread "Service Thread"             daemon [_thread_blocked, id=19204, stack(0x0000003e49a00000,0x0000003e49b00000) (1024K)]
  0x00000172c3c22ee0 JavaThread "Monitor Deflation Thread"   daemon [_thread_blocked, id=18132, stack(0x0000003e49b00000,0x0000003e49c00000) (1024K)]
=>0x00000172c3c25d20 JavaThread "C2 CompilerThread0"         daemon [_thread_in_native, id=20688, stack(0x0000003e49c00000,0x0000003e49d00000) (1024K)]
  0x00000172c3c56490 JavaThread "C1 CompilerThread0"         daemon [_thread_blocked, id=18512, stack(0x0000003e49d00000,0x0000003e49e00000) (1024K)]
  0x00000173059cf480 JavaThread "Common-Cleaner"             daemon [_thread_blocked, id=19780, stack(0x0000003e49e00000,0x0000003e49f00000) (1024K)]
  0x0000017305c2fff0 JavaThread "Notification Thread"        daemon [_thread_blocked, id=7212, stack(0x0000003e49f00000,0x0000003e4a000000) (1024K)]
  0x000001730a55f140 JavaThread "Equinox resolver thread - Equinox Container: 72a5c13a-1e29-4bf7-bc2f-0e4087537b7a" daemon [_thread_blocked, id=1276, stack(0x0000003e4a300000,0x0000003e4a400000) (1024K)]
  0x000001730a54be60 JavaThread "Equinox resolver thread - Equinox Container: 72a5c13a-1e29-4bf7-bc2f-0e4087537b7a" daemon [_thread_blocked, id=19728, stack(0x0000003e4a400000,0x0000003e4a500000) (1024K)]
  0x000001730a54c4c0 JavaThread "Equinox resolver thread - Equinox Container: 72a5c13a-1e29-4bf7-bc2f-0e4087537b7a" daemon [_thread_blocked, id=10000, stack(0x0000003e4a500000,0x0000003e4a600000) (1024K)]
  0x000001730a574580 JavaThread "Equinox resolver thread - Equinox Container: 72a5c13a-1e29-4bf7-bc2f-0e4087537b7a" daemon [_thread_blocked, id=17684, stack(0x0000003e4a600000,0x0000003e4a700000) (1024K)]
  0x000001730a631710 JavaThread "Active Thread: Equinox Container: 72a5c13a-1e29-4bf7-bc2f-0e4087537b7a"        [_thread_blocked, id=21120, stack(0x0000003e4a700000,0x0000003e4a800000) (1024K)]
  0x000001730a711ec0 JavaThread "Framework Event Dispatcher: Equinox Container: 72a5c13a-1e29-4bf7-bc2f-0e4087537b7a" daemon [_thread_blocked, id=5960, stack(0x0000003e4a800000,0x0000003e4a900000) (1024K)]
  0x000001730a62d930 JavaThread "Start Level: Equinox Container: 72a5c13a-1e29-4bf7-bc2f-0e4087537b7a" daemon [_thread_blocked, id=17832, stack(0x0000003e4a900000,0x0000003e4aa00000) (1024K)]
  0x000001730a359a80 JavaThread "Refresh Thread: Equinox Container: 72a5c13a-1e29-4bf7-bc2f-0e4087537b7a" daemon [_thread_blocked, id=13572, stack(0x0000003e4aa00000,0x0000003e4ab00000) (1024K)]
Total: 19

Other Threads:
  0x00000172ad2fb700 VMThread "VM Thread"                           [id=4588, stack(0x0000003e49500000,0x0000003e49600000) (1024K)]
  0x00000172ad2a5260 WatcherThread "VM Periodic Task Thread"        [id=14284, stack(0x0000003e49400000,0x0000003e49500000) (1024K)]
  0x00000172ad25ad00 WorkerThread "GC Thread#0"                     [id=19148, stack(0x0000003e49300000,0x0000003e49400000) (1024K)]
  0x000001730a23ded0 WorkerThread "GC Thread#1"                     [id=21144, stack(0x0000003e4a000000,0x0000003e4a100000) (1024K)]
  0x000001730a2425f0 WorkerThread "GC Thread#2"                     [id=16608, stack(0x0000003e4a100000,0x0000003e4a200000) (1024K)]
  0x000001730a242990 WorkerThread "GC Thread#3"                     [id=6164, stack(0x0000003e4a200000,0x0000003e4a300000) (1024K)]
Total: 6

Threads with active compile tasks:
C2 CompilerThread0  3567 2351       4       org.apache.felix.resolver.PackageSpaces::mergeUses (494 bytes)
Total: 1

VM state: not at safepoint (normal execution)

VM Mutex/Monitor currently owned by a thread: None

Heap address: 0x0000000080000000, size: 2048 MB, Compressed Oops mode: 32-bit

CDS archive(s) mapped at: [0x00000172c4000000-0x00000172c4ba0000-0x00000172c4ba0000), size 12189696, SharedBaseAddress: 0x00000172c4000000, ArchiveRelocationMode: 1.
Compressed class space mapped at: 0x00000172c5000000-0x0000017305000000, reserved size: 1073741824
Narrow klass base: 0x00000172c4000000, Narrow klass shift: 0, Narrow klass range: 0x100000000

GC Precious Log:
 CardTable entry size: 512
 CPUs: 4 total, 4 available
 Memory: 3454M
 Large Page Support: Disabled
 NUMA Support: Disabled
 Compressed Oops: Enabled (32-bit)
 Alignments: Space 512K, Generation 512K, Heap 2M
 Heap Min Capacity: 100M
 Heap Initial Capacity: 100M
 Heap Max Capacity: 2G
 Pre-touch: Disabled
 Parallel Workers: 4

Heap:
 PSYoungGen      total 29696K, used 15243K [0x00000000d5580000, 0x00000000d7680000, 0x0000000100000000)
  eden space 25600K, 43% used [0x00000000d5580000,0x00000000d6069cd0,0x00000000d6e80000)
  from space 4096K, 99% used [0x00000000d6e80000,0x00000000d7279268,0x00000000d7280000)
  to   space 4096K, 0% used [0x00000000d7280000,0x00000000d7280000,0x00000000d7680000)
 ParOldGen       total 68608K, used 5089K [0x0000000080000000, 0x0000000084300000, 0x00000000d5580000)
  object space 68608K, 7% used [0x0000000080000000,0x00000000804f8790,0x0000000084300000)
 Metaspace       used 9060K, committed 9344K, reserved 1114112K
  class space    used 929K, committed 1088K, reserved 1048576K

Card table byte_map: [0x00000172acc00000,0x00000172ad010000] _byte_map_base: 0x00000172ac800000

Marking Bits: (ParMarkBitMap*) 0x00007ffe1303a340
 Begin Bits: [0x00000172bf6e0000, 0x00000172c16e0000)
 End Bits:   [0x00000172c16e0000, 0x00000172c36e0000)

Polling page: 0x00000172ab040000

Metaspace:

Usage:
  Non-class:      7.94 MB used.
      Class:    929.56 KB used.
       Both:      8.85 MB used.

Virtual space:
  Non-class space:       64.00 MB reserved,       8.06 MB ( 13%) committed,  1 nodes.
      Class space:        1.00 GB reserved,       1.06 MB ( <1%) committed,  1 nodes.
             Both:        1.06 GB reserved,       9.12 MB ( <1%) committed. 

Chunk freelists:
   Non-Class:  7.83 MB
       Class:  14.83 MB
        Both:  22.66 MB

MaxMetaspaceSize: unlimited
CompressedClassSpaceSize: 1.00 GB
Initial GC threshold: 21.00 MB
Current GC threshold: 21.00 MB
CDS: on
 - commit_granule_bytes: 65536.
 - commit_granule_words: 8192.
 - virtual_space_node_default_size: 8388608.
 - enlarge_chunks_in_place: 1.
 - use_allocation_guard: 0.


Internal statistics:

num_allocs_failed_limit: 0.
num_arena_births: 234.
num_arena_deaths: 0.
num_vsnodes_births: 2.
num_vsnodes_deaths: 0.
num_space_committed: 146.
num_space_uncommitted: 0.
num_chunks_returned_to_freelist: 0.
num_chunks_taken_from_freelist: 460.
num_chunk_merges: 0.
num_chunk_splits: 295.
num_chunks_enlarged: 204.
num_inconsistent_stats: 0.

CodeHeap 'non-profiled nmethods': size=120000Kb used=966Kb max_used=966Kb free=119033Kb
 bounds [0x00000172b7f00000, 0x00000172b8170000, 0x00000172bf430000]
CodeHeap 'profiled nmethods': size=120000Kb used=4991Kb max_used=4991Kb free=115008Kb
 bounds [0x00000172b0430000, 0x00000172b0910000, 0x00000172b7960000]
CodeHeap 'non-nmethods': size=5760Kb used=1218Kb max_used=1233Kb free=4541Kb
 bounds [0x00000172b7960000, 0x00000172b7bd0000, 0x00000172b7f00000]
CodeCache: size=245760Kb, used=7175Kb, max_used=7190Kb, free=238582Kb
 total_blobs=2957, nmethods=2476, adapters=387, full_count=0
Compilation: enabled, stopped_count=0, restarted_count=0

Compilation events (20 events):
Event: 3.171 Thread 0x00000172c3c56490 nmethod 2406 0x00000172b08efc10 code [0x00000172b08efde0, 0x00000172b08f0098]
Event: 3.173 Thread 0x00000172c3c56490 2407       3       java.util.concurrent.atomic.AtomicReference::<init> (5 bytes)
Event: 3.173 Thread 0x00000172c3c56490 nmethod 2407 0x00000172b08f0190 code [0x00000172b08f0340, 0x00000172b08f04a8]
Event: 3.175 Thread 0x00000172c3c56490 2408       3       org.eclipse.osgi.container.ModuleResolver$$Lambda/0x00000172c5122868::test (16 bytes)
Event: 3.175 Thread 0x00000172c3c56490 nmethod 2408 0x00000172b08f0590 code [0x00000172b08f0740, 0x00000172b08f0988]
Event: 3.175 Thread 0x00000172c3c56490 2409       3       org.eclipse.osgi.container.ModuleResolver::lambda$2 (40 bytes)
Event: 3.175 Thread 0x00000172c3c56490 nmethod 2409 0x00000172b08f0a90 code [0x00000172b08f0ca0, 0x00000172b08f1128]
Event: 3.175 Thread 0x00000172c3c56490 2410       3       java.lang.invoke.DirectMethodHandle$Holder::newInvokeSpecial (24 bytes)
Event: 3.176 Thread 0x00000172c3c56490 nmethod 2410 0x00000172b08f1310 code [0x00000172b08f1500, 0x00000172b08f1c88]
Event: 3.177 Thread 0x00000172c3c56490 2411       1       org.eclipse.osgi.container.ModuleWire::getRequirement (5 bytes)
Event: 3.177 Thread 0x00000172c3c56490 nmethod 2411 0x00000172b7fef890 code [0x00000172b7fefa20, 0x00000172b7fefae8]
Event: 3.177 Thread 0x00000172c3c56490 2412       3       java.lang.invoke.Invokers$Holder::linkToTargetMethod (10 bytes)
Event: 3.177 Thread 0x00000172c3c56490 nmethod 2412 0x00000172b08f1e90 code [0x00000172b08f2060, 0x00000172b08f2408]
Event: 3.177 Thread 0x00000172c3c56490 2413       3       java.util.Arrays::copyOfRange (90 bytes)
Event: 3.178 Thread 0x00000172c3c56490 nmethod 2413 0x00000172b08f2510 code [0x00000172b08f27c0, 0x00000172b08f3458]
Event: 3.178 Thread 0x00000172c3c56490 2414       3       org.eclipse.osgi.container.ModuleResolver$$Lambda/0x00000172c5102678::test (12 bytes)
Event: 3.178 Thread 0x00000172c3c56490 nmethod 2414 0x00000172b08f3910 code [0x00000172b08f3ac0, 0x00000172b08f3cf8]
Event: 3.178 Thread 0x00000172c3c56490 2415       3       org.eclipse.osgi.internal.container.NamespaceList$Builder::removeElementsIf (47 bytes)
Event: 3.179 Thread 0x00000172c3c56490 nmethod 2415 0x00000172b08f3e10 code [0x00000172b08f4000, 0x00000172b08f44b0]
Event: 3.179 Thread 0x00000172c3c56490 2416       3       org.eclipse.osgi.internal.container.NamespaceList$Builder::build (134 bytes)

GC Heap History (6 events):
Event: 1.349 GC heap before
{Heap before GC invocations=1 (full 0):
 PSYoungGen      total 29696K, used 25600K [0x00000000d5580000, 0x00000000d7680000, 0x0000000100000000)
  eden space 25600K, 100% used [0x00000000d5580000,0x00000000d6e80000,0x00000000d6e80000)
  from space 4096K, 0% used [0x00000000d7280000,0x00000000d7280000,0x00000000d7680000)
  to   space 4096K, 0% used [0x00000000d6e80000,0x00000000d6e80000,0x00000000d7280000)
 ParOldGen       total 68608K, used 0K [0x0000000080000000, 0x0000000084300000, 0x00000000d5580000)
  object space 68608K, 0% used [0x0000000080000000,0x0000000080000000,0x0000000084300000)
 Metaspace       used 4352K, committed 4608K, reserved 1114112K
  class space    used 473K, committed 576K, reserved 1048576K
}
Event: 1.356 GC heap after
{Heap after GC invocations=1 (full 0):
 PSYoungGen      total 29696K, used 3312K [0x00000000d5580000, 0x00000000d7680000, 0x0000000100000000)
  eden space 25600K, 0% used [0x00000000d5580000,0x00000000d5580000,0x00000000d6e80000)
  from space 4096K, 80% used [0x00000000d6e80000,0x00000000d71bc148,0x00000000d7280000)
  to   space 4096K, 0% used [0x00000000d7280000,0x00000000d7280000,0x00000000d7680000)
 ParOldGen       total 68608K, used 16K [0x0000000080000000, 0x0000000084300000, 0x00000000d5580000)
  object space 68608K, 0% used [0x0000000080000000,0x0000000080004000,0x0000000084300000)
 Metaspace       used 4352K, committed 4608K, reserved 1114112K
  class space    used 473K, committed 576K, reserved 1048576K
}
Event: 2.305 GC heap before
{Heap before GC invocations=2 (full 0):
 PSYoungGen      total 29696K, used 28912K [0x00000000d5580000, 0x00000000d7680000, 0x0000000100000000)
  eden space 25600K, 100% used [0x00000000d5580000,0x00000000d6e80000,0x00000000d6e80000)
  from space 4096K, 80% used [0x00000000d6e80000,0x00000000d71bc148,0x00000000d7280000)
  to   space 4096K, 0% used [0x00000000d7280000,0x00000000d7280000,0x00000000d7680000)
 ParOldGen       total 68608K, used 16K [0x0000000080000000, 0x0000000084300000, 0x00000000d5580000)
  object space 68608K, 0% used [0x0000000080000000,0x0000000080004000,0x0000000084300000)
 Metaspace       used 8257K, committed 8512K, reserved 1114112K
  class space    used 877K, committed 960K, reserved 1048576K
}
Event: 2.310 GC heap after
{Heap after GC invocations=2 (full 0):
 PSYoungGen      total 29696K, used 4064K [0x00000000d5580000, 0x00000000d7680000, 0x0000000100000000)
  eden space 25600K, 0% used [0x00000000d5580000,0x00000000d5580000,0x00000000d6e80000)
  from space 4096K, 99% used [0x00000000d7280000,0x00000000d7678378,0x00000000d7680000)
  to   space 4096K, 0% used [0x00000000d6e80000,0x00000000d6e80000,0x00000000d7280000)
 ParOldGen       total 68608K, used 214K [0x0000000080000000, 0x0000000084300000, 0x00000000d5580000)
  object space 68608K, 0% used [0x0000000080000000,0x0000000080035810,0x0000000084300000)
 Metaspace       used 8257K, committed 8512K, reserved 1114112K
  class space    used 877K, committed 960K, reserved 1048576K
}
Event: 3.042 GC heap before
{Heap before GC invocations=3 (full 0):
 PSYoungGen      total 29696K, used 29664K [0x00000000d5580000, 0x00000000d7680000, 0x0000000100000000)
  eden space 25600K, 100% used [0x00000000d5580000,0x00000000d6e80000,0x00000000d6e80000)
  from space 4096K, 99% used [0x00000000d7280000,0x00000000d7678378,0x00000000d7680000)
  to   space 4096K, 0% used [0x00000000d6e80000,0x00000000d6e80000,0x00000000d7280000)
 ParOldGen       total 68608K, used 214K [0x0000000080000000, 0x0000000084300000, 0x00000000d5580000)
  object space 68608K, 0% used [0x0000000080000000,0x0000000080035810,0x0000000084300000)
 Metaspace       used 8745K, committed 9024K, reserved 1114112K
  class space    used 909K, committed 1024K, reserved 1048576K
}
Event: 3.049 GC heap after
{Heap after GC invocations=3 (full 0):
 PSYoungGen      total 29696K, used 4068K [0x00000000d5580000, 0x00000000d7680000, 0x0000000100000000)
  eden space 25600K, 0% used [0x00000000d5580000,0x00000000d5580000,0x00000000d6e80000)
  from space 4096K, 99% used [0x00000000d6e80000,0x00000000d7279268,0x00000000d7280000)
  to   space 4096K, 0% used [0x00000000d7280000,0x00000000d7280000,0x00000000d7680000)
 ParOldGen       total 68608K, used 5089K [0x0000000080000000, 0x0000000084300000, 0x00000000d5580000)
  object space 68608K, 7% used [0x0000000080000000,0x00000000804f8790,0x0000000084300000)
 Metaspace       used 8745K, committed 9024K, reserved 1114112K
  class space    used 909K, committed 1024K, reserved 1048576K
}

Dll operation events (8 events):
Event: 0.027 Loaded shared library c:\Users\Johan\.vscode\extensions\redhat.java-1.47.0-win32-x64\jre\21.0.8-win32-x86_64\bin\java.dll
Event: 0.186 Loaded shared library c:\Users\Johan\.vscode\extensions\redhat.java-1.47.0-win32-x64\jre\21.0.8-win32-x86_64\bin\zip.dll
Event: 0.208 Loaded shared library C:\Users\Johan\.vscode\extensions\redhat.java-1.47.0-win32-x64\jre\21.0.8-win32-x86_64\bin\instrument.dll
Event: 0.213 Loaded shared library C:\Users\Johan\.vscode\extensions\redhat.java-1.47.0-win32-x64\jre\21.0.8-win32-x86_64\bin\net.dll
Event: 0.215 Loaded shared library C:\Users\Johan\.vscode\extensions\redhat.java-1.47.0-win32-x64\jre\21.0.8-win32-x86_64\bin\nio.dll
Event: 0.218 Loaded shared library C:\Users\Johan\.vscode\extensions\redhat.java-1.47.0-win32-x64\jre\21.0.8-win32-x86_64\bin\zip.dll
Event: 0.301 Loaded shared library C:\Users\Johan\.vscode\extensions\redhat.java-1.47.0-win32-x64\jre\21.0.8-win32-x86_64\bin\jimage.dll
Event: 0.467 Loaded shared library c:\Users\Johan\.vscode\extensions\redhat.java-1.47.0-win32-x64\jre\21.0.8-win32-x86_64\bin\verify.dll

Deoptimization events (20 events):
Event: 2.715 Thread 0x00000172ad23cbd0 DEOPT PACKING pc=0x00000172b7fd046c sp=0x0000003e491fe760
Event: 2.715 Thread 0x00000172ad23cbd0 DEOPT UNPACKING pc=0x00000172b79b3aa2 sp=0x0000003e491fe720 mode 2
Event: 2.728 Thread 0x00000172ad23cbd0 DEOPT PACKING pc=0x00000172b07e96c9 sp=0x0000003e491fe660
Event: 2.728 Thread 0x00000172ad23cbd0 DEOPT UNPACKING pc=0x00000172b79b4242 sp=0x0000003e491fdad0 mode 0
Event: 2.734 Thread 0x00000172ad23cbd0 DEOPT PACKING pc=0x00000172b07e96c9 sp=0x0000003e491fe920
Event: 2.734 Thread 0x00000172ad23cbd0 DEOPT UNPACKING pc=0x00000172b79b4242 sp=0x0000003e491fdd90 mode 0
Event: 2.749 Thread 0x00000172ad23cbd0 DEOPT PACKING pc=0x00000172b07e96c9 sp=0x0000003e491fe680
Event: 2.749 Thread 0x00000172ad23cbd0 DEOPT UNPACKING pc=0x00000172b79b4242 sp=0x0000003e491fdaf0 mode 0
Event: 2.749 Thread 0x00000172ad23cbd0 DEOPT PACKING pc=0x00000172b07e96c9 sp=0x0000003e491fe680
Event: 2.749 Thread 0x00000172ad23cbd0 DEOPT UNPACKING pc=0x00000172b79b4242 sp=0x0000003e491fdaf0 mode 0
Event: 2.749 Thread 0x00000172ad23cbd0 DEOPT PACKING pc=0x00000172b07e96c9 sp=0x0000003e491fe680
Event: 2.749 Thread 0x00000172ad23cbd0 DEOPT UNPACKING pc=0x00000172b79b4242 sp=0x0000003e491fdaf0 mode 0
Event: 3.005 Thread 0x000001730a359a80 Uncommon trap: trap_request=0xffffff45 fr.pc=0x00000172b7fd8694 relative=0x00000000000000f4
Event: 3.005 Thread 0x000001730a359a80 Uncommon trap: reason=unstable_if action=reinterpret pc=0x00000172b7fd8694 method=org.eclipse.osgi.internal.framework.FilterImpl$Parser.skipWhiteSpace()V @ 39 c2
Event: 3.005 Thread 0x000001730a359a80 DEOPT PACKING pc=0x00000172b7fd8694 sp=0x0000003e4aafe3e0
Event: 3.005 Thread 0x000001730a359a80 DEOPT UNPACKING pc=0x00000172b79b3aa2 sp=0x0000003e4aafe380 mode 2
Event: 3.033 Thread 0x000001730a54be60 Uncommon trap: trap_request=0xffffff45 fr.pc=0x00000172b7f93600 relative=0x0000000000000b20
Event: 3.033 Thread 0x000001730a54be60 Uncommon trap: reason=unstable_if action=reinterpret pc=0x00000172b7f93600 method=java.util.concurrent.ConcurrentHashMap.addCount(JI)V @ 171 c2
Event: 3.033 Thread 0x000001730a54be60 DEOPT PACKING pc=0x00000172b7f93600 sp=0x0000003e4a4febe0
Event: 3.033 Thread 0x000001730a54be60 DEOPT UNPACKING pc=0x00000172b79b3aa2 sp=0x0000003e4a4fea90 mode 2

Classes loaded (20 events):
Event: 2.135 Loading class sun/nio/fs/WindowsChannelFactory
Event: 2.135 Loading class sun/nio/fs/WindowsChannelFactory done
Event: 2.135 Loading class sun/nio/fs/WindowsChannelFactory$1
Event: 2.135 Loading class sun/nio/fs/WindowsChannelFactory$1 done
Event: 2.135 Loading class sun/nio/fs/WindowsChannelFactory$Flags
Event: 2.135 Loading class sun/nio/fs/WindowsChannelFactory$Flags done
Event: 2.135 Loading class sun/nio/ch/FileChannelImpl$Closer
Event: 2.136 Loading class sun/nio/ch/FileChannelImpl$Closer done
Event: 2.269 Loading class java/util/MissingResourceException
Event: 2.269 Loading class java/util/MissingResourceException done
Event: 2.888 Loading class java/util/ArrayList$ListItr
Event: 2.889 Loading class java/util/ArrayList$ListItr done
Event: 2.896 Loading class java/util/Collections$ReverseComparator
Event: 2.896 Loading class java/util/Collections$ReverseComparator done
Event: 2.896 Loading class java/util/Comparators$NaturalOrderComparator
Event: 2.896 Loading class java/util/Comparators$NaturalOrderComparator done
Event: 2.896 Loading class java/util/Collections$ReverseComparator2
Event: 2.896 Loading class java/util/Collections$ReverseComparator2 done
Event: 3.033 Loading class java/util/AbstractList$Itr
Event: 3.033 Loading class java/util/AbstractList$Itr done

Classes unloaded (0 events):
No events

Classes redefined (0 events):
No events

Internal exceptions (20 events):
Event: 1.285 Thread 0x00000172ad23cbd0 Exception <a 'java/lang/NoSuchMethodError'{0x00000000d6a56838}: 'java.lang.ClassLoader java.lang.ClassLoader.getPlatformClassLoader(java.lang.Class)'> (0x00000000d6a56838) 
thrown [s\src\hotspot\share\interpreter\linkResolver.cpp, line 773]
Event: 1.339 Thread 0x00000172ad23cbd0 Exception <a 'java/lang/ClassNotFoundException'{0x00000000d6e754d0}: sun/net/www/protocol/c/Handler> (0x00000000d6e754d0) 
thrown [s\src\hotspot\share\classfile\systemDictionary.cpp, line 312]
Event: 1.343 Thread 0x00000172ad23cbd0 Exception <a 'java/lang/ClassNotFoundException'{0x00000000d6e76830}: sun/net/www/protocol/c/Handler> (0x00000000d6e76830) 
thrown [s\src\hotspot\share\classfile\systemDictionary.cpp, line 312]
Event: 1.344 Thread 0x00000172ad23cbd0 Exception <a 'java/lang/ClassNotFoundException'{0x00000000d6e779c0}: sun/net/www/protocol/c/Handler> (0x00000000d6e779c0) 
thrown [s\src\hotspot\share\classfile\systemDictionary.cpp, line 312]
Event: 1.362 Thread 0x00000172ad23cbd0 Exception <a 'java/io/FileNotFoundException'{0x00000000d5620e70}> (0x00000000d5620e70) 
thrown [s\src\hotspot\share\prims\jni.cpp, line 520]
Event: 1.400 Thread 0x00000172ad23cbd0 Implicit null exception at 0x00000172b7f5af49 to 0x00000172b7f5b8b4
Event: 1.400 Thread 0x00000172ad23cbd0 Implicit null exception at 0x00000172b7f5ff9a to 0x00000172b7f601a4
Event: 1.401 Thread 0x00000172ad23cbd0 Exception <a 'java/lang/NoSuchMethodError'{0x00000000d5750c28}: 'void java.lang.invoke.DirectMethodHandle$Holder.invokeStatic(java.lang.Object, java.lang.Object, java.lang.Object, java.lang.Object)'> (0x00000000d5750c28) 
thrown [s\src\hotspot\share\interpreter\linkResolver.cpp, line 773]
Event: 1.402 Thread 0x00000172ad23cbd0 Implicit null exception at 0x00000172b7f5e33d to 0x00000172b7f5e3c1
Event: 1.513 Thread 0x00000172ad23cbd0 Exception <a 'java/lang/NoSuchMethodError'{0x00000000d5b6f0c0}: 'int java.lang.invoke.DirectMethodHandle$Holder.invokeVirtual(java.lang.Object, java.lang.Object)'> (0x00000000d5b6f0c0) 
thrown [s\src\hotspot\share\interpreter\linkResolver.cpp, line 773]
Event: 1.879 Thread 0x00000172ad23cbd0 Exception <a 'java/lang/IncompatibleClassChangeError'{0x00000000d655ad48}: Found class java.lang.Object, but interface was expected> (0x00000000d655ad48) 
thrown [s\src\hotspot\share\interpreter\linkResolver.cpp, line 840]
Event: 1.881 Thread 0x00000172ad23cbd0 Exception <a 'java/lang/NoSuchMethodError'{0x00000000d6563738}: 'void java.lang.invoke.DirectMethodHandle$Holder.invokeInterface(java.lang.Object, java.lang.Object, java.lang.Object)'> (0x00000000d6563738) 
thrown [s\src\hotspot\share\interpreter\linkResolver.cpp, line 773]
Event: 1.934 Thread 0x00000172ad23cbd0 Exception <a 'java/lang/NoSuchMethodError'{0x00000000d677f628}: 'int java.lang.invoke.DirectMethodHandle$Holder.invokeStaticInit(java.lang.Object, java.lang.Object, java.lang.Object, java.lang.Object)'> (0x00000000d677f628) 
thrown [s\src\hotspot\share\interpreter\linkResolver.cpp, line 773]
Event: 1.938 Thread 0x00000172ad23cbd0 Exception <a 'java/lang/NoSuchMethodError'{0x00000000d6789ef8}: 'void java.lang.invoke.DirectMethodHandle$Holder.invokeStaticInit(java.lang.Object, java.lang.Object)'> (0x00000000d6789ef8) 
thrown [s\src\hotspot\share\interpreter\linkResolver.cpp, line 773]
Event: 1.939 Thread 0x00000172ad23cbd0 Exception <a 'java/lang/NoSuchMethodError'{0x00000000d678f458}: 'int java.lang.invoke.DirectMethodHandle$Holder.invokeStaticInit(java.lang.Object, java.lang.Object)'> (0x00000000d678f458) 
thrown [s\src\hotspot\share\interpreter\linkResolver.cpp, line 773]
Event: 2.050 Thread 0x00000172ad23cbd0 Exception <a 'java/lang/NoSuchMethodError'{0x00000000d6976c60}: 'java.lang.Object java.lang.invoke.DirectMethodHandle$Holder.newInvokeSpecial(java.lang.Object, int, java.lang.Object)'> (0x00000000d6976c60) 
thrown [s\src\hotspot\share\interpreter\linkResolver.cpp, line 773]
Event: 2.089 Thread 0x00000172ad23cbd0 Exception <a 'java/lang/ClassNotFoundException'{0x00000000d6af3d48}: sun/net/www/protocol/plurl/Handler> (0x00000000d6af3d48) 
thrown [s\src\hotspot\share\classfile\systemDictionary.cpp, line 312]
Event: 2.089 Thread 0x00000172ad23cbd0 Exception <a 'java/lang/ClassNotFoundException'{0x00000000d6af4bc8}: sun/net/www/protocol/plurl/Handler> (0x00000000d6af4bc8) 
thrown [s\src\hotspot\share\classfile\systemDictionary.cpp, line 312]
Event: 2.095 Thread 0x00000172ad23cbd0 Exception <a 'java/lang/NoSuchMethodError'{0x00000000d6b355e0}: 'void java.lang.invoke.DirectMethodHandle$Holder.invokeSpecial(java.lang.Object, java.lang.Object, java.lang.Object)'> (0x00000000d6b355e0) 
thrown [s\src\hotspot\share\interpreter\linkResolver.cpp, line 773]
Event: 2.881 Thread 0x00000172ad23cbd0 Exception <a 'java/lang/UnsatisfiedLinkError'{0x00000000d6a01418}: 'void org.eclipse.equinox.launcher.JNIBridge._update_splash()'> (0x00000000d6a01418) 
thrown [s\src\hotspot\share\prims\nativeLookup.cpp, line 415]

ZGC Phase Switch (0 events):
No events

VM Operations (20 events):
Event: 0.984 Executing VM operation: HandshakeAllThreads (Deoptimize)
Event: 0.984 Executing VM operation: HandshakeAllThreads (Deoptimize) done
Event: 1.044 Executing VM operation: HandshakeAllThreads (Deoptimize)
Event: 1.044 Executing VM operation: HandshakeAllThreads (Deoptimize) done
Event: 1.317 Executing VM operation: ICBufferFull
Event: 1.317 Executing VM operation: ICBufferFull done
Event: 1.349 Executing VM operation: ParallelGCFailedAllocation (Allocation Failure)
Event: 1.356 Executing VM operation: ParallelGCFailedAllocation (Allocation Failure) done
Event: 2.015 Executing VM operation: HandshakeAllThreads (Deoptimize)
Event: 2.015 Executing VM operation: HandshakeAllThreads (Deoptimize) done
Event: 2.084 Executing VM operation: HandshakeAllThreads (Deoptimize)
Event: 2.084 Executing VM operation: HandshakeAllThreads (Deoptimize) done
Event: 2.282 Executing VM operation: ParallelGCFailedAllocation (Allocation Failure)
Event: 2.310 Executing VM operation: ParallelGCFailedAllocation (Allocation Failure) done
Event: 2.892 Executing VM operation: HandshakeAllThreads (Deoptimize)
Event: 2.892 Executing VM operation: HandshakeAllThreads (Deoptimize) done
Event: 3.013 Executing VM operation: HandshakeAllThreads (Deoptimize)
Event: 3.013 Executing VM operation: HandshakeAllThreads (Deoptimize) done
Event: 3.042 Executing VM operation: ParallelGCFailedAllocation (Allocation Failure)
Event: 3.050 Executing VM operation: ParallelGCFailedAllocation (Allocation Failure) done

Memory protections (0 events):
No events

Nmethod flushes (0 events):
No events

Events (19 events):
Event: 0.050 Thread 0x00000172ad23cbd0 Thread added: 0x00000172ad23cbd0
Event: 0.117 Thread 0x00000172ad23cbd0 Thread added: 0x00000172c3c17fe0
Event: 0.117 Thread 0x00000172ad23cbd0 Thread added: 0x00000172c3c198e0
Event: 0.117 Thread 0x00000172ad23cbd0 Thread added: 0x00000172c3c1f1b0
Event: 0.117 Thread 0x00000172ad23cbd0 Thread added: 0x00000172c3c200c0
Event: 0.117 Thread 0x00000172ad23cbd0 Thread added: 0x00000172c3c22290
Event: 0.117 Thread 0x00000172ad23cbd0 Thread added: 0x00000172c3c22ee0
Event: 0.117 Thread 0x00000172ad23cbd0 Thread added: 0x00000172c3c25d20
Event: 0.118 Thread 0x00000172ad23cbd0 Thread added: 0x00000172c3c56490
Event: 0.167 Thread 0x00000172ad23cbd0 Thread added: 0x00000173059cf480
Event: 0.670 Thread 0x00000172ad23cbd0 Thread added: 0x0000017305c2fff0
Event: 1.822 Thread 0x00000172ad23cbd0 Thread added: 0x000001730a55f140
Event: 1.834 Thread 0x000001730a55f140 Thread added: 0x000001730a54be60
Event: 1.863 Thread 0x00000172ad23cbd0 Thread added: 0x000001730a54c4c0
Event: 1.869 Thread 0x00000172ad23cbd0 Thread added: 0x000001730a574580
Event: 1.968 Thread 0x00000172ad23cbd0 Thread added: 0x000001730a631710
Event: 2.267 Thread 0x00000172ad23cbd0 Thread added: 0x000001730a711ec0
Event: 2.270 Thread 0x00000172ad23cbd0 Thread added: 0x000001730a62d930
Event: 2.879 Thread 0x00000172ad23cbd0 Thread added: 0x000001730a359a80


Dynamic libraries:
0x00007ff69f7b0000 - 0x00007ff69f7be000 	c:\Users\Johan\.vscode\extensions\redhat.java-1.47.0-win32-x64\jre\21.0.8-win32-x86_64\bin\java.exe
0x00007ffe8c3f0000 - 0x00007ffe8c607000 	C:\WINDOWS\SYSTEM32\ntdll.dll
0x00007ffe8a720000 - 0x00007ffe8a7e4000 	C:\WINDOWS\System32\KERNEL32.DLL
0x00007ffe898a0000 - 0x00007ffe89c72000 	C:\WINDOWS\System32\KERNELBASE.dll
0x00007ffe89650000 - 0x00007ffe89761000 	C:\WINDOWS\System32\ucrtbase.dll
0x00007ffe63300000 - 0x00007ffe63318000 	c:\Users\Johan\.vscode\extensions\redhat.java-1.47.0-win32-x64\jre\21.0.8-win32-x86_64\bin\jli.dll
0x00007ffe8b5f0000 - 0x00007ffe8b7a1000 	C:\WINDOWS\System32\USER32.dll
0x00007ffe89c80000 - 0x00007ffe89ca6000 	C:\WINDOWS\System32\win32u.dll
0x00007ffe8c210000 - 0x00007ffe8c239000 	C:\WINDOWS\System32\GDI32.dll
0x00007ffe89f50000 - 0x00007ffe8a073000 	C:\WINDOWS\System32\gdi32full.dll
0x00007ffe89df0000 - 0x00007ffe89e8a000 	C:\WINDOWS\System32\msvcp_win.dll
0x00007ffe63100000 - 0x00007ffe6311e000 	c:\Users\Johan\.vscode\extensions\redhat.java-1.47.0-win32-x64\jre\21.0.8-win32-x86_64\bin\VCRUNTIME140.dll
0x00007ffe75ac0000 - 0x00007ffe75d5b000 	C:\WINDOWS\WinSxS\amd64_microsoft.windows.common-controls_6595b64144ccf1df_6.0.22621.5697_none_27154c497380d676\COMCTL32.dll
0x00007ffe8b130000 - 0x00007ffe8b1d7000 	C:\WINDOWS\System32\msvcrt.dll
0x00007ffe8b7b0000 - 0x00007ffe8b7e1000 	C:\WINDOWS\System32\IMM32.DLL
0x00007ffe688d0000 - 0x00007ffe688dc000 	c:\Users\Johan\.vscode\extensions\redhat.java-1.47.0-win32-x64\jre\21.0.8-win32-x86_64\bin\vcruntime140_1.dll
0x00007ffe63070000 - 0x00007ffe630fd000 	c:\Users\Johan\.vscode\extensions\redhat.java-1.47.0-win32-x64\jre\21.0.8-win32-x86_64\bin\msvcp140.dll
0x00007ffe12380000 - 0x00007ffe13117000 	c:\Users\Johan\.vscode\extensions\redhat.java-1.47.0-win32-x64\jre\21.0.8-win32-x86_64\bin\server\jvm.dll
0x00007ffe8a250000 - 0x00007ffe8a301000 	C:\WINDOWS\System32\ADVAPI32.dll
0x00007ffe8bd80000 - 0x00007ffe8be28000 	C:\WINDOWS\System32\sechost.dll
0x00007ffe897f0000 - 0x00007ffe89818000 	C:\WINDOWS\System32\bcrypt.dll
0x00007ffe8c0f0000 - 0x00007ffe8c207000 	C:\WINDOWS\System32\RPCRT4.dll
0x00007ffe8b0b0000 - 0x00007ffe8b121000 	C:\WINDOWS\System32\WS2_32.dll
0x00007ffe893b0000 - 0x00007ffe893fd000 	C:\WINDOWS\SYSTEM32\POWRPROF.dll
0x00007ffe86250000 - 0x00007ffe86284000 	C:\WINDOWS\SYSTEM32\WINMM.dll
0x00007ffe7f6e0000 - 0x00007ffe7f6ea000 	C:\WINDOWS\SYSTEM32\VERSION.dll
0x00007ffe89390000 - 0x00007ffe893a3000 	C:\WINDOWS\SYSTEM32\UMPDC.dll
0x00007ffe88480000 - 0x00007ffe88498000 	C:\WINDOWS\SYSTEM32\kernel.appcore.dll
0x00007ffe64010000 - 0x00007ffe6401a000 	c:\Users\Johan\.vscode\extensions\redhat.java-1.47.0-win32-x64\jre\21.0.8-win32-x86_64\bin\jimage.dll
0x00007ffe86fa0000 - 0x00007ffe871d3000 	C:\WINDOWS\SYSTEM32\DBGHELP.DLL
0x00007ffe8b1e0000 - 0x00007ffe8b572000 	C:\WINDOWS\System32\combase.dll
0x00007ffe8a4e0000 - 0x00007ffe8a5b8000 	C:\WINDOWS\System32\OLEAUT32.dll
0x00007ffe861f0000 - 0x00007ffe86222000 	C:\WINDOWS\SYSTEM32\dbgcore.DLL
0x00007ffe89770000 - 0x00007ffe897eb000 	C:\WINDOWS\System32\bcryptPrimitives.dll
0x00007ffe62fc0000 - 0x00007ffe62fcf000 	c:\Users\Johan\.vscode\extensions\redhat.java-1.47.0-win32-x64\jre\21.0.8-win32-x86_64\bin\instrument.dll
0x00007ffe63050000 - 0x00007ffe6306f000 	c:\Users\Johan\.vscode\extensions\redhat.java-1.47.0-win32-x64\jre\21.0.8-win32-x86_64\bin\java.dll
0x00007ffe8a800000 - 0x00007ffe8b0a1000 	C:\WINDOWS\System32\SHELL32.dll
0x00007ffe89cb0000 - 0x00007ffe89def000 	C:\WINDOWS\System32\wintypes.dll
0x00007ffe87370000 - 0x00007ffe87c8a000 	C:\WINDOWS\SYSTEM32\windows.storage.dll
0x00007ffe8c2a0000 - 0x00007ffe8c3ab000 	C:\WINDOWS\System32\SHCORE.dll
0x00007ffe8c080000 - 0x00007ffe8c0e9000 	C:\WINDOWS\System32\shlwapi.dll
0x00007ffe89410000 - 0x00007ffe8943b000 	C:\WINDOWS\SYSTEM32\profapi.dll
0x00007ffe63030000 - 0x00007ffe63048000 	c:\Users\Johan\.vscode\extensions\redhat.java-1.47.0-win32-x64\jre\21.0.8-win32-x86_64\bin\zip.dll
0x00007ffe63730000 - 0x00007ffe63740000 	C:\Users\Johan\.vscode\extensions\redhat.java-1.47.0-win32-x64\jre\21.0.8-win32-x86_64\bin\net.dll
0x00007ffe82b10000 - 0x00007ffe82c3c000 	C:\WINDOWS\SYSTEM32\WINHTTP.dll
0x00007ffe88940000 - 0x00007ffe889a9000 	C:\WINDOWS\system32\mswsock.dll
0x00007ffe63010000 - 0x00007ffe63026000 	C:\Users\Johan\.vscode\extensions\redhat.java-1.47.0-win32-x64\jre\21.0.8-win32-x86_64\bin\nio.dll
0x00007ffe62fb0000 - 0x00007ffe62fc0000 	c:\Users\Johan\.vscode\extensions\redhat.java-1.47.0-win32-x64\jre\21.0.8-win32-x86_64\bin\verify.dll
0x00007ffe62f10000 - 0x00007ffe62f54000 	C:\Users\Johan\AppData\Roaming\Code\User\globalStorage\redhat.java\1.47.0\config_win\org.eclipse.equinox.launcher\org.eclipse.equinox.launcher.win32.win32.x86_64_1.2.1400.v20250801-0854\eclipse_11916.dll
0x00007ffe8a080000 - 0x00007ffe8a220000 	C:\WINDOWS\System32\ole32.dll

JVMTI agents:
c:\Users\Johan\.vscode\extensions\redhat.java-1.47.0-win32-x64\lombok\lombok-1.18.39-4050.jar path:c:\Users\Johan\.vscode\extensions\redhat.java-1.47.0-win32-x64\jre\21.0.8-win32-x86_64\bin\instrument.dll, loaded, initialized, instrumentlib options:none

dbghelp: loaded successfully - version: 4.0.5 - missing functions: none
symbol engine: initialized successfully - sym options: 0x614 - pdb path: .;c:\Users\Johan\.vscode\extensions\redhat.java-1.47.0-win32-x64\jre\21.0.8-win32-x86_64\bin;C:\WINDOWS\SYSTEM32;C:\WINDOWS\WinSxS\amd64_microsoft.windows.common-controls_6595b64144ccf1df_6.0.22621.5697_none_27154c497380d676;c:\Users\Johan\.vscode\extensions\redhat.java-1.47.0-win32-x64\jre\21.0.8-win32-x86_64\bin\server;C:\Users\Johan\AppData\Roaming\Code\User\globalStorage\redhat.java\1.47.0\config_win\org.eclipse.equinox.launcher\org.eclipse.equinox.launcher.win32.win32.x86_64_1.2.1400.v20250801-0854

VM Arguments:
jvm_args: --add-modules=ALL-SYSTEM --add-opens=java.base/java.util=ALL-UNNAMED --add-opens=java.base/java.lang=ALL-UNNAMED --add-opens=java.base/sun.nio.fs=ALL-UNNAMED -Declipse.application=org.eclipse.jdt.ls.core.id1 -Dosgi.bundles.defaultStartLevel=4 -Declipse.product=org.eclipse.jdt.ls.core.product -Djava.import.generatesMetadataFilesAtProjectRoot=false -DDetectVMInstallationsJob.disabled=true -Dfile.encoding=utf8 -XX:+UseParallelGC -XX:GCTimeRatio=4 -XX:AdaptiveSizePolicyWeight=90 -Dsun.zip.disableMemoryMapping=true -Xmx2G -Xms100m -Xlog:disable -javaagent:c:\Users\Johan\.vscode\extensions\redhat.java-1.47.0-win32-x64\lombok\lombok-1.18.39-4050.jar -XX:+HeapDumpOnOutOfMemoryError -XX:HeapDumpPath=c:\Users\Johan\AppData\Roaming\Code\User\workspaceStorage\824e8af3fc6f9d32fa1fbbc3f1f53090\redhat.java -Daether.dependencyCollector.impl=bf 
java_command: c:\Users\Johan\.vscode\extensions\redhat.java-1.47.0-win32-x64\server\plugins\org.eclipse.equinox.launcher_1.7.100.v20251014-1222.jar -configuration c:\Users\Johan\AppData\Roaming\Code\User\globalStorage\redhat.java\1.47.0\config_win -data c:\Users\Johan\AppData\Roaming\Code\User\workspaceStorage\824e8af3fc6f9d32fa1fbbc3f1f53090\redhat.java\jdt_ws --pipe=\\.\pipe\lsp-dffd12a5e7131168f80ce2ada2f64023-sock
java_class_path (initial): c:\Users\Johan\.vscode\extensions\redhat.java-1.47.0-win32-x64\server\plugins\org.eclipse.equinox.launcher_1.7.100.v20251014-1222.jar
Launcher Type: SUN_STANDARD

[Global flags]
    uintx AdaptiveSizePolicyWeight                 = 90                                        {product} {command line}
     intx CICompilerCount                          = 3                                         {product} {ergonomic}
    uintx GCTimeRatio                              = 4                                         {product} {command line}
     bool HeapDumpOnOutOfMemoryError               = true                                   {manageable} {command line}
    ccstr HeapDumpPath                             = c:\Users\Johan\AppData\Roaming\Code\User\workspaceStorage\824e8af3fc6f9d32fa1fbbc3f1f53090\redhat.java         {manageable} {command line}
   size_t InitialHeapSize                          = 104857600                                 {product} {command line}
   size_t MaxHeapSize                              = 2147483648                                {product} {command line}
   size_t MaxNewSize                               = 715653120                                 {product} {ergonomic}
   size_t MinHeapDeltaBytes                        = 524288                                    {product} {ergonomic}
   size_t MinHeapSize                              = 104857600                                 {product} {command line}
   size_t NewSize                                  = 34603008                                  {product} {ergonomic}
    uintx NonNMethodCodeHeapSize                   = 5832780                                {pd product} {ergonomic}
    uintx NonProfiledCodeHeapSize                  = 122912730                              {pd product} {ergonomic}
   size_t OldSize                                  = 70254592                                  {product} {ergonomic}
    uintx ProfiledCodeHeapSize                     = 122912730                              {pd product} {ergonomic}
    uintx ReservedCodeCacheSize                    = 251658240                              {pd product} {ergonomic}
     bool SegmentedCodeCache                       = true                                      {product} {ergonomic}
   size_t SoftMaxHeapSize                          = 2147483648                             {manageable} {ergonomic}
     bool UseCompressedOops                        = true                           {product lp64_product} {ergonomic}
     bool UseLargePagesIndividualAllocation        = false                                  {pd product} {ergonomic}
     bool UseParallelGC                            = true                                      {product} {command line}

Logging:
Log output configuration:
 #0: stdout all=off uptime,level,tags foldmultilines=false
 #1: stderr all=off uptime,level,tags foldmultilines=false

Environment Variables:
PATH=C:\Program Files (x86)\Common Files\Oracle\Java\javapath;C:\Program Files\AdoptOpenJDK\jdk-11.0.8.10-hotspot\bin;C:\WINDOWS\system32;C:\WINDOWS;C:\WINDOWS\System32\Wbem;C:\WINDOWS\System32\WindowsPowerShell\v1.0\;C:\WINDOWS\System32\OpenSSH\;C:\Program Files (x86)\scala\bin;C:\Program Files\Git\cmd;C:\Program Files (x86)\sbt\bin;C:\Program Files\nodejs\;C:\Program Files\dotnet\;C:\Users\Johan\AppData\Local\Microsoft\WindowsApps;C:\Users\Johan\AppData\Local\Programs\Microsoft VS Code\bin;C:\Users\Johan\AppData\Roaming\npm;C:\Users\Johan\.dotnet\tools
USERNAME=Johan
OS=Windows_NT
PROCESSOR_IDENTIFIER=AMD64 Family 23 Model 96 Stepping 1, AuthenticAMD
TMP=C:\Users\Johan\AppData\Local\Temp
TEMP=C:\Users\Johan\AppData\Local\Temp




Periodic native trim disabled

---------------  S Y S T E M  ---------------

OS:
 Windows 11 , 64 bit Build 22621 (10.0.22621.5415)
OS uptime: 2 days 23:54 hours
Hyper-V role detected

CPU: total 4 (initial active 4) (4 cores per cpu, 1 threads per core) family 23 model 96 stepping 1 microcode 0x0, cx8, cmov, fxsr, mmx, 3dnowpref, sse, sse2, sse3, ssse3, sse4a, sse4.1, sse4.2, popcnt, lzcnt, tsc, tscinvbit, avx, avx2, aes, clmul, bmi1, bmi2, adx, sha, fma, vzeroupper, clflush, clflushopt, hv, rdtscp, rdpid, f16c
Processor Information for the first 4 processors :
  Max Mhz: 2700, Current Mhz: 2700, Mhz Limit: 2700

Memory: 4k page, system-wide physical 3454M (72M free)
TotalPageFile size 11454M (AvailPageFile size 1M)
current process WorkingSet (physical memory assigned to process): 106M, peak: 106M
current process commit charge ("private bytes"): 237M, peak: 237M

vm_info: OpenJDK 64-Bit Server VM (21.0.8+9-LTS) for windows-amd64 JRE (21.0.8+9-LTS), built on 2025-07-15T00:00:00Z by "admin" with MS VC++ 17.7 (VS2022)

END.
